SF:/Users/sgourley/Projects/webapi-core/api.mapserv.utah.gov/Program.cs
FN:38,Microsoft.AspNetCore.Hosting.IWebHostBuilder api.mapserv.utah.gov.Program::CreateWebHostBuilder(System.String[])
FNDA:0,Microsoft.AspNetCore.Hosting.IWebHostBuilder api.mapserv.utah.gov.Program::CreateWebHostBuilder(System.String[])
DA:39,0
DA:40,0
DA:41,0
FN:11,System.Void api.mapserv.utah.gov.Program/<Main>d__0::MoveNext()
FNDA:0,System.Void api.mapserv.utah.gov.Program/<Main>d__0::MoveNext()
DA:12,0
DA:13,0
DA:14,0
DA:15,0
DA:16,0
DA:17,0
DA:20,0
DA:22,0
DA:24,0
DA:25,0
DA:27,0
DA:29,0
DA:30,0
DA:31,0
DA:33,0
DA:35,0
DA:37,0
BRDA:12,92,0,0
BRDA:12,99,0,0
BRDA:25,188,0,0
BRDA:12,92,1,0
BRDA:25,188,1,0
BRDA:27,297,0,0
BRDA:12,99,1,0
BRDA:27,297,1,0
BRDA:33,392,0,0
BRDA:33,392,1,0
LF:20
LH:0
BRF:10
BRH:0
FNF:2
FNH:0
end_of_record
SF:/Users/sgourley/Projects/webapi-core/api.mapserv.utah.gov/Startup.cs
FN:22,Microsoft.Extensions.Configuration.IConfiguration api.mapserv.utah.gov.Startup::get_Configuration()
FNDA:0,Microsoft.Extensions.Configuration.IConfiguration api.mapserv.utah.gov.Startup::get_Configuration()
DA:23,0
FN:26,System.Void api.mapserv.utah.gov.Startup::ConfigureServices(Microsoft.Extensions.DependencyInjection.IServiceCollection)
FNDA:0,System.Void api.mapserv.utah.gov.Startup::ConfigureServices(Microsoft.Extensions.DependencyInjection.IServiceCollection)
DA:27,0
DA:28,0
DA:29,0
DA:30,0
DA:31,0
DA:32,0
DA:33,0
DA:34,0
DA:35,0
DA:37,0
DA:38,0
DA:39,0
DA:40,0
DA:41,0
DA:43,0
DA:44,0
DA:46,0
DA:47,0
DA:48,0
DA:49,0
DA:50,0
DA:51,0
DA:52,0
DA:53,0
DA:54,0
DA:55,0
DA:56,0
DA:57,0
DA:58,0
DA:59,0
DA:60,0
DA:61,0
DA:62,0
DA:63,0
DA:64,0
DA:65,0
DA:66,0
DA:67,0
DA:68,0
DA:69,0
DA:70,0
DA:71,0
DA:72,0
BRDA:29,40,0,0
BRDA:29,40,1,0
BRDA:29,82,0,0
BRDA:29,82,1,0
BRDA:37,120,0,0
BRDA:37,120,1,0
BRDA:46,176,0,0
BRDA:46,176,1,0
FN:75,System.Void api.mapserv.utah.gov.Startup::Configure(Microsoft.AspNetCore.Builder.IApplicationBuilder,Microsoft.AspNetCore.Hosting.IHostingEnvironment)
FNDA:0,System.Void api.mapserv.utah.gov.Startup::Configure(Microsoft.AspNetCore.Builder.IApplicationBuilder,Microsoft.AspNetCore.Hosting.IHostingEnvironment)
DA:76,0
DA:77,0
DA:80,0
DA:82,0
DA:83,0
DA:84,0
DA:85,0
DA:86,0
DA:87,0
DA:88,0
DA:89,0
DA:91,0
DA:92,0
BRDA:76,6,0,0
BRDA:76,6,1,0
BRDA:80,22,0,0
BRDA:80,22,1,0
BRDA:82,60,0,0
BRDA:82,60,1,0
FN:17,System.Void api.mapserv.utah.gov.Startup::.ctor(Microsoft.Extensions.Configuration.IConfiguration,Microsoft.AspNetCore.Hosting.IHostingEnvironment,Microsoft.Extensions.Logging.ILoggerFactory)
FNDA:0,System.Void api.mapserv.utah.gov.Startup::.ctor(Microsoft.Extensions.Configuration.IConfiguration,Microsoft.AspNetCore.Hosting.IHostingEnvironment,Microsoft.Extensions.Logging.ILoggerFactory)
DA:18,0
DA:19,0
DA:20,0
DA:21,0
LF:61
LH:0
BRF:14
BRH:0
FNF:4
FNH:0
end_of_record
SF:/Users/sgourley/Projects/webapi-core/api.mapserv.utah.gov/Services/PostgreApiKeyRepository.cs
FN:94,System.Boolean api.mapserv.utah.gov.Services.PostgreApiKeyRepository::<GetCorrections>b__9_0(System.Object)
FNDA:0,System.Boolean api.mapserv.utah.gov.Services.PostgreApiKeyRepository::<GetCorrections>b__9_0(System.Object)
DA:95,0
BRDA:95,5,0,0
BRDA:95,5,1,0
BRDA:95,63,0,0
BRDA:95,63,1,0
BRDA:95,149,0,0
BRDA:95,149,1,0
BRDA:95,219,0,0
BRDA:95,219,1,0
FN:95,api.mapserv.utah.gov.Models.PoBoxAddressCorrection api.mapserv.utah.gov.Services.PostgreApiKeyRepository::<GetCorrections>b__9_1(System.Object)
FNDA:0,api.mapserv.utah.gov.Models.PoBoxAddressCorrection api.mapserv.utah.gov.Services.PostgreApiKeyRepository::<GetCorrections>b__9_1(System.Object)
DA:96,0
DA:97,0
BRDA:96,5,0,0
BRDA:96,5,1,0
BRDA:96,120,0,0
BRDA:96,120,1,0
BRDA:96,195,0,0
BRDA:96,195,1,0
BRDA:96,270,0,0
BRDA:96,270,1,0
BRDA:96,344,0,0
BRDA:96,344,1,0
BRDA:96,424,0,0
BRDA:96,424,1,0
BRDA:96,510,0,0
BRDA:96,510,1,0
BRDA:96,584,0,0
BRDA:96,584,1,0
BRDA:96,664,0,0
BRDA:96,664,1,0
FN:28,System.Void api.mapserv.utah.gov.Services.PostgreApiKeyRepository::.ctor(Microsoft.Extensions.Options.IOptions`1<api.mapserv.utah.gov.Models.Configuration.DatabaseConfiguration>)
FNDA:0,System.Void api.mapserv.utah.gov.Services.PostgreApiKeyRepository::.ctor(Microsoft.Extensions.Options.IOptions`1<api.mapserv.utah.gov.Models.Configuration.DatabaseConfiguration>)
DA:29,0
DA:30,0
DA:31,0
DA:32,0
DA:33,0
DA:34,0
DA:36,0
DA:37,0
DA:38,0
FN:40,System.Void api.mapserv.utah.gov.Services.PostgreApiKeyRepository/<GetKey>d__4::MoveNext()
FNDA:0,System.Void api.mapserv.utah.gov.Services.PostgreApiKeyRepository/<GetKey>d__4::MoveNext()
DA:41,0
DA:43,0
DA:44,0
DA:46,0
DA:48,0
DA:50,0
BRDA:43,53,0,0
BRDA:46,128,0,0
BRDA:43,53,1,0
BRDA:46,128,1,0
FN:52,System.Void api.mapserv.utah.gov.Services.PostgreApiKeyRepository/<GetPlaceNames>d__5::MoveNext()
FNDA:0,System.Void api.mapserv.utah.gov.Services.PostgreApiKeyRepository/<GetPlaceNames>d__5::MoveNext()
DA:53,0
DA:54,0
DA:56,0
DA:57,0
DA:59,0
BRDA:53,36,0,0
BRDA:56,101,0,0
BRDA:53,36,1,0
BRDA:56,101,1,0
FN:61,System.Void api.mapserv.utah.gov.Services.PostgreApiKeyRepository/<GetZipCodes>d__6::MoveNext()
FNDA:0,System.Void api.mapserv.utah.gov.Services.PostgreApiKeyRepository/<GetZipCodes>d__6::MoveNext()
DA:62,0
DA:63,0
DA:65,0
DA:66,0
DA:68,0
BRDA:62,36,0,0
BRDA:65,101,0,0
BRDA:62,36,1,0
BRDA:65,101,1,0
FN:70,System.Void api.mapserv.utah.gov.Services.PostgreApiKeyRepository/<GetDeliveryPoints>d__7::MoveNext()
FNDA:0,System.Void api.mapserv.utah.gov.Services.PostgreApiKeyRepository/<GetDeliveryPoints>d__7::MoveNext()
DA:71,0
DA:72,0
DA:74,0
DA:75,0
DA:77,0
BRDA:71,36,0,0
BRDA:74,101,0,0
BRDA:71,36,1,0
BRDA:74,101,1,0
FN:84,System.Int32 api.mapserv.utah.gov.Services.PostgreApiKeyRepository/<>c::<GetPoBoxes>b__8_0(api.mapserv.utah.gov.Models.PoBoxAddress)
FNDA:0,System.Int32 api.mapserv.utah.gov.Services.PostgreApiKeyRepository/<>c::<GetPoBoxes>b__8_0(api.mapserv.utah.gov.Models.PoBoxAddress)
DA:85,0
FN:79,System.Void api.mapserv.utah.gov.Services.PostgreApiKeyRepository/<GetPoBoxes>d__8::MoveNext()
FNDA:0,System.Void api.mapserv.utah.gov.Services.PostgreApiKeyRepository/<GetPoBoxes>d__8::MoveNext()
DA:80,0
DA:81,0
DA:83,0
DA:87,0
BRDA:80,36,0,0
BRDA:83,101,0,0
BRDA:80,36,1,0
BRDA:83,101,1,0
BRDA:85,187,0,0
BRDA:85,187,1,0
BRDA:85,218,0,0
BRDA:85,218,1,0
FN:89,System.Void api.mapserv.utah.gov.Services.PostgreApiKeyRepository/<GetCorrections>d__9::MoveNext()
FNDA:0,System.Void api.mapserv.utah.gov.Services.PostgreApiKeyRepository/<GetCorrections>d__9::MoveNext()
DA:90,0
DA:91,0
DA:93,0
DA:99,0
BRDA:90,36,0,0
BRDA:93,101,0,0
BRDA:90,36,1,0
BRDA:93,101,1,0
LF:42
LH:0
BRF:54
BRH:0
FNF:10
FNH:0
end_of_record
SF:/Users/sgourley/Projects/webapi-core/api.mapserv.utah.gov/Services/PostmanApiKeyRepository.cs
FN:6,System.Threading.Tasks.Task`1<api.mapserv.utah.gov.Models.ApiKey> api.mapserv.utah.gov.Services.PostmanApiKeyRepository::GetKey(System.String)
FNDA:0,System.Threading.Tasks.Task`1<api.mapserv.utah.gov.Models.ApiKey> api.mapserv.utah.gov.Services.PostmanApiKeyRepository::GetKey(System.String)
DA:7,0
DA:8,0
DA:9,0
DA:10,0
DA:11,0
DA:12,0
DA:13,0
DA:14,0
DA:15,0
DA:16,0
DA:19,0
DA:20,0
DA:21,0
DA:22,0
DA:23,0
DA:24,0
DA:25,0
DA:26,0
DA:27,0
DA:30,0
DA:31,0
DA:32,0
DA:33,0
DA:34,0
DA:35,0
DA:36,0
DA:37,0
DA:38,0
DA:41,0
DA:42,0
DA:43,0
DA:44,0
DA:45,0
DA:46,0
DA:47,0
DA:48,0
DA:49,0
DA:52,0
BRDA:7,16,0,0
BRDA:7,16,1,0
BRDA:19,99,0,0
BRDA:19,99,1,0
BRDA:30,175,0,0
BRDA:30,175,1,0
BRDA:41,251,0,0
BRDA:41,251,1,0
LF:38
LH:0
BRF:8
BRH:0
FNF:1
FNH:0
end_of_record
SF:/Users/sgourley/Projects/webapi-core/api.mapserv.utah.gov/Services/TopAddressCandidates.cs
FN:11,System.Int32 api.mapserv.utah.gov.Services.TopAddressCandidates::ChooseSize(System.Int32)
FNDA:4,System.Int32 api.mapserv.utah.gov.Services.TopAddressCandidates::ChooseSize(System.Int32)
DA:12,4
DA:13,1
DA:17,3
BRDA:12,1,0,1
BRDA:12,1,1,3
FN:6,System.Void api.mapserv.utah.gov.Services.TopAddressCandidates::.ctor(System.Int32,System.Collections.Generic.IComparer`1<api.mapserv.utah.gov.Models.ArcGis.Candidate>)
FNDA:4,System.Void api.mapserv.utah.gov.Services.TopAddressCandidates::.ctor(System.Int32,System.Collections.Generic.IComparer`1<api.mapserv.utah.gov.Models.ArcGis.Candidate>)
DA:7,4
DA:8,4
LF:5
LH:5
BRF:2
BRH:2
FNF:2
FNH:2
end_of_record
SF:/Users/sgourley/Projects/webapi-core/api.mapserv.utah.gov/Services/TopNList.cs
FN:16,System.Int32 api.mapserv.utah.gov.Services.TopNList`1::get_Size()
FNDA:19,System.Int32 api.mapserv.utah.gov.Services.TopNList`1::get_Size()
DA:17,19
FN:19,System.Void api.mapserv.utah.gov.Services.TopNList`1::Add(T)
FNDA:19,System.Void api.mapserv.utah.gov.Services.TopNList`1::Add(T)
DA:20,19
DA:21,19
DA:22,7
DA:24,19
BRDA:21,30,0,7
BRDA:21,30,1,19
FN:25,System.Collections.Generic.IList`1<T> api.mapserv.utah.gov.Services.TopNList`1::Get()
FNDA:5,System.Collections.Generic.IList`1<T> api.mapserv.utah.gov.Services.TopNList`1::Get()
DA:26,5
FN:11,System.Void api.mapserv.utah.gov.Services.TopNList`1::.ctor(System.Int32,System.Collections.Generic.IComparer`1<T>)
FNDA:4,System.Void api.mapserv.utah.gov.Services.TopNList`1::.ctor(System.Int32,System.Collections.Generic.IComparer`1<T>)
DA:12,4
DA:13,4
DA:14,4
DA:15,4
LF:10
LH:10
BRF:2
BRH:2
FNF:4
FNH:4
end_of_record
SF:/Users/sgourley/Projects/webapi-core/api.mapserv.utah.gov/Models/AddressBase.cs
FN:28,System.String api.mapserv.utah.gov.Models.AddressBase::get_InputAddress()
FNDA:394,System.String api.mapserv.utah.gov.Models.AddressBase::get_InputAddress()
DA:29,394
FN:30,System.Nullable`1<System.Int32> api.mapserv.utah.gov.Models.AddressBase::get_HouseNumber()
FNDA:735,System.Nullable`1<System.Int32> api.mapserv.utah.gov.Models.AddressBase::get_HouseNumber()
DA:31,735
FN:32,System.Double api.mapserv.utah.gov.Models.AddressBase::get_Milepost()
FNDA:177,System.Double api.mapserv.utah.gov.Models.AddressBase::get_Milepost()
DA:33,177
FN:34,System.Int32 api.mapserv.utah.gov.Models.AddressBase::get_PoBox()
FNDA:263,System.Int32 api.mapserv.utah.gov.Models.AddressBase::get_PoBox()
DA:35,263
FN:36,api.mapserv.utah.gov.Models.Constants.Direction api.mapserv.utah.gov.Models.AddressBase::get_PrefixDirection()
FNDA:743,api.mapserv.utah.gov.Models.Constants.Direction api.mapserv.utah.gov.Models.AddressBase::get_PrefixDirection()
DA:37,743
FN:38,System.String api.mapserv.utah.gov.Models.AddressBase::get_StreetName()
FNDA:1075,System.String api.mapserv.utah.gov.Models.AddressBase::get_StreetName()
DA:39,1075
FN:40,api.mapserv.utah.gov.Models.Constants.StreetType api.mapserv.utah.gov.Models.AddressBase::get_StreetType()
FNDA:683,api.mapserv.utah.gov.Models.Constants.StreetType api.mapserv.utah.gov.Models.AddressBase::get_StreetType()
DA:41,683
FN:42,api.mapserv.utah.gov.Models.Constants.Direction api.mapserv.utah.gov.Models.AddressBase::get_SuffixDirection()
FNDA:652,api.mapserv.utah.gov.Models.Constants.Direction api.mapserv.utah.gov.Models.AddressBase::get_SuffixDirection()
DA:43,652
FN:44,System.Int32 api.mapserv.utah.gov.Models.AddressBase::get_Zip4()
FNDA:181,System.Int32 api.mapserv.utah.gov.Models.AddressBase::get_Zip4()
DA:45,181
FN:46,System.Nullable`1<System.Int32> api.mapserv.utah.gov.Models.AddressBase::get_Zip5()
FNDA:238,System.Nullable`1<System.Int32> api.mapserv.utah.gov.Models.AddressBase::get_Zip5()
DA:47,238
FN:48,System.Boolean api.mapserv.utah.gov.Models.AddressBase::get_IsHighway()
FNDA:234,System.Boolean api.mapserv.utah.gov.Models.AddressBase::get_IsHighway()
DA:49,234
FN:50,System.Boolean api.mapserv.utah.gov.Models.AddressBase::get_IsPoBox()
FNDA:565,System.Boolean api.mapserv.utah.gov.Models.AddressBase::get_IsPoBox()
DA:51,565
FN:54,System.String api.mapserv.utah.gov.Models.AddressBase::get_ReversalAddress()
FNDA:68,System.String api.mapserv.utah.gov.Models.AddressBase::get_ReversalAddress()
DA:55,68
DA:56,68
DA:58,68
DA:60,68
DA:61,68
DA:63,68
FN:67,System.Boolean api.mapserv.utah.gov.Models.AddressBase::IsNumericStreetName()
FNDA:60,System.Boolean api.mapserv.utah.gov.Models.AddressBase::IsNumericStreetName()
DA:68,60
DA:69,0
DA:72,60
BRDA:68,11,0,0
BRDA:68,11,1,60
FN:74,System.Boolean api.mapserv.utah.gov.Models.AddressBase::HasPrefix()
FNDA:14,System.Boolean api.mapserv.utah.gov.Models.AddressBase::HasPrefix()
DA:75,14
FN:77,System.Boolean api.mapserv.utah.gov.Models.AddressBase::IsReversal()
FNDA:47,System.Boolean api.mapserv.utah.gov.Models.AddressBase::IsReversal()
DA:78,47
DA:79,1
DA:82,46
DA:83,29
DA:86,17
DA:88,17
BRDA:78,11,0,1
BRDA:78,11,1,46
BRDA:82,21,0,29
BRDA:82,21,1,17
FN:91,System.Boolean api.mapserv.utah.gov.Models.AddressBase::PossibleReversal()
FNDA:29,System.Boolean api.mapserv.utah.gov.Models.AddressBase::PossibleReversal()
DA:92,29
DA:93,1
DA:96,28
DA:98,28
DA:99,9
DA:102,28
DA:104,28
BRDA:92,11,0,1
BRDA:92,11,1,28
BRDA:98,30,0,9
BRDA:98,30,1,28
BRDA:102,54,0,0
BRDA:102,54,1,28
FN:107,System.Boolean api.mapserv.utah.gov.Models.AddressBase::IsIntersection()
FNDA:17,System.Boolean api.mapserv.utah.gov.Models.AddressBase::IsIntersection()
DA:108,17
DA:110,17
FN:113,System.Boolean api.mapserv.utah.gov.Models.AddressBase::IsMachable()
FNDA:0,System.Boolean api.mapserv.utah.gov.Models.AddressBase::IsMachable()
DA:114,0
DA:115,0
DA:118,0
DA:119,0
DA:122,0
BRDA:114,6,0,0
BRDA:114,6,1,0
BRDA:118,24,0,0
BRDA:118,24,1,0
FN:7,System.Void api.mapserv.utah.gov.Models.AddressBase::.ctor()
FNDA:166,System.Void api.mapserv.utah.gov.Models.AddressBase::.ctor()
DA:8,166
DA:10,166
FN:11,System.Void api.mapserv.utah.gov.Models.AddressBase::.ctor(System.String,System.Nullable`1<System.Int32>,System.Double,System.Int32,api.mapserv.utah.gov.Models.Constants.Direction,System.String,api.mapserv.utah.gov.Models.Constants.StreetType,api.mapserv.utah.gov.Models.Constants.Direction,System.Int32,System.Nullable`1<System.Int32>,System.Boolean,System.Boolean)
FNDA:72,System.Void api.mapserv.utah.gov.Models.AddressBase::.ctor(System.String,System.Nullable`1<System.Int32>,System.Double,System.Int32,api.mapserv.utah.gov.Models.Constants.Direction,System.String,api.mapserv.utah.gov.Models.Constants.StreetType,api.mapserv.utah.gov.Models.Constants.Direction,System.Int32,System.Nullable`1<System.Int32>,System.Boolean,System.Boolean)
DA:12,72
DA:13,72
DA:14,72
DA:15,72
DA:16,72
DA:17,72
DA:18,72
DA:19,72
DA:20,72
DA:21,72
DA:22,72
DA:23,72
DA:24,72
DA:25,72
DA:26,72
DA:27,72
LF:60
LH:54
BRF:16
BRH:10
FNF:21
FNH:20
end_of_record
SF:/Users/sgourley/Projects/webapi-core/api.mapserv.utah.gov/Models/ApiKey.cs
FN:27,System.String api.mapserv.utah.gov.Models.ApiKey::get_Key()
FNDA:85,System.String api.mapserv.utah.gov.Models.ApiKey::get_Key()
DA:28,85
FN:28,api.mapserv.utah.gov.Models.ApiKey/KeyStatus api.mapserv.utah.gov.Models.ApiKey::get_Enabled()
FNDA:169,api.mapserv.utah.gov.Models.ApiKey/KeyStatus api.mapserv.utah.gov.Models.ApiKey::get_Enabled()
DA:29,169
FN:29,api.mapserv.utah.gov.Models.ApiKey/ApplicationType api.mapserv.utah.gov.Models.ApiKey::get_Type()
FNDA:168,api.mapserv.utah.gov.Models.ApiKey/ApplicationType api.mapserv.utah.gov.Models.ApiKey::get_Type()
DA:30,168
FN:30,api.mapserv.utah.gov.Models.ApiKey/ApplicationStatus api.mapserv.utah.gov.Models.ApiKey::get_Configuration()
FNDA:165,api.mapserv.utah.gov.Models.ApiKey/ApplicationStatus api.mapserv.utah.gov.Models.ApiKey::get_Configuration()
DA:31,165
FN:31,System.String api.mapserv.utah.gov.Models.ApiKey::get_Pattern()
FNDA:4,System.String api.mapserv.utah.gov.Models.ApiKey::get_Pattern()
DA:32,4
FN:32,System.String api.mapserv.utah.gov.Models.ApiKey::get_RegexPattern()
FNDA:164,System.String api.mapserv.utah.gov.Models.ApiKey::get_RegexPattern()
DA:33,164
FN:33,System.Boolean api.mapserv.utah.gov.Models.ApiKey::get_IsMachineName()
FNDA:0,System.Boolean api.mapserv.utah.gov.Models.ApiKey::get_IsMachineName()
DA:34,0
FN:34,System.Boolean api.mapserv.utah.gov.Models.ApiKey::get_Deleted()
FNDA:170,System.Boolean api.mapserv.utah.gov.Models.ApiKey::get_Deleted()
DA:35,170
FN:35,System.Boolean api.mapserv.utah.gov.Models.ApiKey::get_Whitelisted()
FNDA:169,System.Boolean api.mapserv.utah.gov.Models.ApiKey::get_Whitelisted()
DA:36,169
FN:20,System.Void api.mapserv.utah.gov.Models.ApiKey::.ctor()
FNDA:0,System.Void api.mapserv.utah.gov.Models.ApiKey::.ctor()
DA:21,0
DA:22,0
FN:23,System.Void api.mapserv.utah.gov.Models.ApiKey::.ctor(System.String)
FNDA:85,System.Void api.mapserv.utah.gov.Models.ApiKey::.ctor(System.String)
DA:24,85
DA:25,85
DA:26,85
LF:14
LH:11
BRF:0
BRH:0
FNF:11
FNH:9
end_of_record
SF:/Users/sgourley/Projects/webapi-core/api.mapserv.utah.gov/Models/CleansedAddress.cs
FN:36,System.String api.mapserv.utah.gov.Models.CleansedAddress::get_StandardizedAddress()
FNDA:190,System.String api.mapserv.utah.gov.Models.CleansedAddress::get_StandardizedAddress()
DA:37,190
DA:38,5
DA:41,185
DA:43,185
DA:45,185
DA:46,185
DA:48,185
BRDA:37,6,0,5
BRDA:37,6,1,185
FN:5,System.Void api.mapserv.utah.gov.Models.CleansedAddress::.ctor()
FNDA:166,System.Void api.mapserv.utah.gov.Models.CleansedAddress::.ctor()
DA:6,166
DA:7,166
FN:11,System.Void api.mapserv.utah.gov.Models.CleansedAddress::.ctor(System.String,System.Nullable`1<System.Int32>,System.Double,System.Int32,api.mapserv.utah.gov.Models.Constants.Direction,System.String,api.mapserv.utah.gov.Models.Constants.StreetType,api.mapserv.utah.gov.Models.Constants.Direction,System.Int32,System.Nullable`1<System.Int32>,System.Boolean,System.Boolean)
FNDA:72,System.Void api.mapserv.utah.gov.Models.CleansedAddress::.ctor(System.String,System.Nullable`1<System.Int32>,System.Double,System.Int32,api.mapserv.utah.gov.Models.Constants.Direction,System.String,api.mapserv.utah.gov.Models.Constants.StreetType,api.mapserv.utah.gov.Models.Constants.Direction,System.Int32,System.Nullable`1<System.Int32>,System.Boolean,System.Boolean)
DA:12,72
DA:13,72
DA:14,72
DA:15,72
DA:16,72
DA:17,72
DA:18,72
DA:19,72
DA:20,72
DA:21,72
DA:22,72
DA:23,72
DA:24,72
LF:22
LH:22
BRF:2
BRH:2
FNF:3
FNH:3
end_of_record
SF:/Users/sgourley/Projects/webapi-core/api.mapserv.utah.gov/Models/GeocodeAddress.cs
FN:23,System.Collections.Generic.IReadOnlyCollection`1<api.mapserv.utah.gov.Models.Linkables.GridLinkable> api.mapserv.utah.gov.Models.GeocodeAddress::get_AddressGrids()
FNDA:76,System.Collections.Generic.IReadOnlyCollection`1<api.mapserv.utah.gov.Models.Linkables.GridLinkable> api.mapserv.utah.gov.Models.GeocodeAddress::get_AddressGrids()
DA:24,76
FN:8,System.Void api.mapserv.utah.gov.Models.GeocodeAddress::.ctor(api.mapserv.utah.gov.Models.AddressBase)
FNDA:41,System.Void api.mapserv.utah.gov.Models.GeocodeAddress::.ctor(api.mapserv.utah.gov.Models.AddressBase)
DA:9,41
DA:10,41
DA:11,41
DA:12,41
DA:13,41
DA:14,41
DA:15,41
DA:16,41
DA:17,41
DA:18,41
DA:19,41
DA:20,41
DA:21,41
DA:22,41
LF:15
LH:15
BRF:0
BRH:0
FNF:2
FNH:2
end_of_record
SF:/Users/sgourley/Projects/webapi-core/api.mapserv.utah.gov/Models/GeocodeInput.cs
FN:14,api.mapserv.utah.gov.Models.GeocodeAddress api.mapserv.utah.gov.Models.GeocodeInput::get_AddressInfo()
FNDA:16,api.mapserv.utah.gov.Models.GeocodeAddress api.mapserv.utah.gov.Models.GeocodeInput::get_AddressInfo()
DA:15,16
FN:15,System.String api.mapserv.utah.gov.Models.GeocodeInput::get_Address()
FNDA:15,System.String api.mapserv.utah.gov.Models.GeocodeInput::get_Address()
DA:16,15
FN:16,System.String api.mapserv.utah.gov.Models.GeocodeInput::get_Grid()
FNDA:17,System.String api.mapserv.utah.gov.Models.GeocodeInput::get_Grid()
DA:17,17
FN:17,System.Int32 api.mapserv.utah.gov.Models.GeocodeInput::get_Weight()
FNDA:16,System.Int32 api.mapserv.utah.gov.Models.GeocodeInput::get_Weight()
DA:18,16
FN:18,api.mapserv.utah.gov.Models.LocatorProperties api.mapserv.utah.gov.Models.GeocodeInput::get_Locator()
FNDA:5,api.mapserv.utah.gov.Models.LocatorProperties api.mapserv.utah.gov.Models.GeocodeInput::get_Locator()
DA:19,5
FN:19,System.Int32 api.mapserv.utah.gov.Models.GeocodeInput::get_WkId()
FNDA:17,System.Int32 api.mapserv.utah.gov.Models.GeocodeInput::get_WkId()
DA:20,17
FN:2,System.Void api.mapserv.utah.gov.Models.GeocodeInput::.ctor(api.mapserv.utah.gov.Models.GeocodeAddress,System.String,System.Int32,api.mapserv.utah.gov.Models.LocatorProperties,System.Int32)
FNDA:5,System.Void api.mapserv.utah.gov.Models.GeocodeInput::.ctor(api.mapserv.utah.gov.Models.GeocodeAddress,System.String,System.Int32,api.mapserv.utah.gov.Models.LocatorProperties,System.Int32)
DA:3,5
DA:4,5
DA:5,5
DA:7,5
DA:8,5
DA:9,5
DA:10,5
DA:11,5
DA:12,5
DA:13,5
LF:16
LH:16
BRF:0
BRH:0
FNF:7
FNH:7
end_of_record
SF:/Users/sgourley/Projects/webapi-core/api.mapserv.utah.gov/Models/LocatorProperties.cs
FN:2,System.String api.mapserv.utah.gov.Models.LocatorProperties::get_Url()
FNDA:20,System.String api.mapserv.utah.gov.Models.LocatorProperties::get_Url()
DA:3,20
FN:3,System.String api.mapserv.utah.gov.Models.LocatorProperties::get_Name()
FNDA:16,System.String api.mapserv.utah.gov.Models.LocatorProperties::get_Name()
DA:4,16
FN:4,System.Int32 api.mapserv.utah.gov.Models.LocatorProperties::get_Weight()
FNDA:11,System.Int32 api.mapserv.utah.gov.Models.LocatorProperties::get_Weight()
DA:5,11
LF:3
LH:3
BRF:0
BRH:0
FNF:3
FNH:3
end_of_record
SF:/Users/sgourley/Projects/webapi-core/api.mapserv.utah.gov/Models/LocatorResponse.cs
FN:7,System.Collections.Generic.IList`1<api.mapserv.utah.gov.Models.ArcGis.Candidate> api.mapserv.utah.gov.Models.LocatorResponse::get_Candidates()
FNDA:0,System.Collections.Generic.IList`1<api.mapserv.utah.gov.Models.ArcGis.Candidate> api.mapserv.utah.gov.Models.LocatorResponse::get_Candidates()
DA:8,0
FN:10,api.mapserv.utah.gov.Models.ArcGis.LocatorServiceStatus api.mapserv.utah.gov.Models.LocatorResponse::get_Error()
FNDA:0,api.mapserv.utah.gov.Models.ArcGis.LocatorServiceStatus api.mapserv.utah.gov.Models.LocatorResponse::get_Error()
DA:11,0
LF:2
LH:0
BRF:0
BRH:0
FNF:2
FNH:0
end_of_record
SF:/Users/sgourley/Projects/webapi-core/api.mapserv.utah.gov/Models/PoBoxAddress.cs
FN:10,System.Int32 api.mapserv.utah.gov.Models.PoBoxAddress::get_Zip()
FNDA:8,System.Int32 api.mapserv.utah.gov.Models.PoBoxAddress::get_Zip()
DA:11,8
FN:12,System.Double api.mapserv.utah.gov.Models.PoBoxAddress::get_X()
FNDA:10,System.Double api.mapserv.utah.gov.Models.PoBoxAddress::get_X()
DA:13,10
FN:14,System.Double api.mapserv.utah.gov.Models.PoBoxAddress::get_Y()
FNDA:10,System.Double api.mapserv.utah.gov.Models.PoBoxAddress::get_Y()
DA:15,10
FN:4,System.Void api.mapserv.utah.gov.Models.PoBoxAddress::.ctor(System.Int32,System.Decimal,System.Decimal)
FNDA:8,System.Void api.mapserv.utah.gov.Models.PoBoxAddress::.ctor(System.Int32,System.Decimal,System.Decimal)
DA:5,8
DA:6,8
DA:7,8
DA:8,8
DA:9,8
LF:8
LH:8
BRF:0
BRH:0
FNF:4
FNH:4
end_of_record
SF:/Users/sgourley/Projects/webapi-core/api.mapserv.utah.gov/Models/PoBoxAddressCorrection.cs
FN:6,System.Int32 api.mapserv.utah.gov.Models.PoBoxAddressCorrection::get_ZipPlusFour()
FNDA:4,System.Int32 api.mapserv.utah.gov.Models.PoBoxAddressCorrection::get_ZipPlusFour()
DA:7,4
FN:2,System.Void api.mapserv.utah.gov.Models.PoBoxAddressCorrection::.ctor(System.Int32,System.Int32,System.Decimal,System.Decimal)
FNDA:4,System.Void api.mapserv.utah.gov.Models.PoBoxAddressCorrection::.ctor(System.Int32,System.Int32,System.Decimal,System.Decimal)
DA:3,4
DA:4,4
DA:5,4
LF:4
LH:4
BRF:0
BRH:0
FNF:2
FNH:2
end_of_record
SF:/Users/sgourley/Projects/webapi-core/api.mapserv.utah.gov/Models/Point.cs
FN:16,System.Double api.mapserv.utah.gov.Models.Point::get_X()
FNDA:47,System.Double api.mapserv.utah.gov.Models.Point::get_X()
DA:17,47
FN:19,System.Double api.mapserv.utah.gov.Models.Point::get_Y()
FNDA:47,System.Double api.mapserv.utah.gov.Models.Point::get_Y()
DA:20,47
FN:22,System.String api.mapserv.utah.gov.Models.Point::ToQuery()
FNDA:0,System.String api.mapserv.utah.gov.Models.Point::ToQuery()
DA:23,0
FN:7,System.Void api.mapserv.utah.gov.Models.Point::.ctor()
FNDA:2,System.Void api.mapserv.utah.gov.Models.Point::.ctor()
DA:8,2
DA:9,2
FN:10,System.Void api.mapserv.utah.gov.Models.Point::.ctor(System.Double,System.Double)
FNDA:23,System.Void api.mapserv.utah.gov.Models.Point::.ctor(System.Double,System.Double)
DA:11,23
DA:12,23
DA:13,23
DA:14,23
LF:9
LH:8
BRF:0
BRH:0
FNF:5
FNH:4
end_of_record
SF:/Users/sgourley/Projects/webapi-core/api.mapserv.utah.gov/Models/Suggestable.cs
FN:7,System.Collections.Generic.IReadOnlyCollection`1<api.mapserv.utah.gov.Models.ArcGis.Candidate> api.mapserv.utah.gov.Models.Suggestable::get_Candidates()
FNDA:11,System.Collections.Generic.IReadOnlyCollection`1<api.mapserv.utah.gov.Models.ArcGis.Candidate> api.mapserv.utah.gov.Models.Suggestable::get_Candidates()
DA:8,11
FN:9,System.Boolean api.mapserv.utah.gov.Models.Suggestable::ShouldSerializeCandidates()
FNDA:2,System.Boolean api.mapserv.utah.gov.Models.Suggestable::ShouldSerializeCandidates()
DA:10,2
BRDA:10,7,0,0
BRDA:10,7,1,2
LF:2
LH:2
BRF:2
BRH:1
FNF:2
FNH:2
end_of_record
SF:/Users/sgourley/Projects/webapi-core/api.mapserv.utah.gov/Models/RequestOptions/GeocodingOptions.cs
FN:13,System.Int32 api.mapserv.utah.gov.Models.RequestOptions.GeocodingOptions::get_AcceptScore()
FNDA:34,System.Int32 api.mapserv.utah.gov.Models.RequestOptions.GeocodingOptions::get_AcceptScore()
DA:14,34
FN:20,System.Int32 api.mapserv.utah.gov.Models.RequestOptions.GeocodingOptions::get_Suggest()
FNDA:14,System.Int32 api.mapserv.utah.gov.Models.RequestOptions.GeocodingOptions::get_Suggest()
DA:21,14
FN:29,api.mapserv.utah.gov.Models.Constants.LocatorType api.mapserv.utah.gov.Models.RequestOptions.GeocodingOptions::get_Locators()
FNDA:33,api.mapserv.utah.gov.Models.Constants.LocatorType api.mapserv.utah.gov.Models.RequestOptions.GeocodingOptions::get_Locators()
DA:30,33
FN:38,System.Boolean api.mapserv.utah.gov.Models.RequestOptions.GeocodingOptions::get_PoBox()
FNDA:24,System.Boolean api.mapserv.utah.gov.Models.RequestOptions.GeocodingOptions::get_PoBox()
DA:39,24
FN:48,System.Boolean api.mapserv.utah.gov.Models.RequestOptions.GeocodingOptions::get_ScoreDifference()
FNDA:3,System.Boolean api.mapserv.utah.gov.Models.RequestOptions.GeocodingOptions::get_ScoreDifference()
DA:49,3
LF:5
LH:5
BRF:0
BRH:0
FNF:5
FNH:5
end_of_record
SF:/Users/sgourley/Projects/webapi-core/api.mapserv.utah.gov/Models/RequestOptions/OptionBase.cs
FN:15,api.mapserv.utah.gov.Models.Constants.JsonFormat api.mapserv.utah.gov.Models.RequestOptions.OptionBase::get_Format()
FNDA:17,api.mapserv.utah.gov.Models.Constants.JsonFormat api.mapserv.utah.gov.Models.RequestOptions.OptionBase::get_Format()
DA:16,17
FN:5,System.Void api.mapserv.utah.gov.Models.RequestOptions.OptionBase::.ctor()
FNDA:17,System.Void api.mapserv.utah.gov.Models.RequestOptions.OptionBase::.ctor()
DA:6,17
DA:7,17
DA:8,17
LF:4
LH:4
BRF:0
BRH:0
FNF:2
FNH:2
end_of_record
SF:/Users/sgourley/Projects/webapi-core/api.mapserv.utah.gov/Models/RequestOptions/ProjectableOptions.cs
FN:20,System.Int32 api.mapserv.utah.gov.Models.RequestOptions.ProjectableOptions::get_SpatialReference()
FNDA:35,System.Int32 api.mapserv.utah.gov.Models.RequestOptions.ProjectableOptions::get_SpatialReference()
DA:21,35
LF:1
LH:1
BRF:0
BRH:0
FNF:1
FNH:1
end_of_record
SF:/Users/sgourley/Projects/webapi-core/api.mapserv.utah.gov/Models/RequestOptions/ReverseGeocodingOptions.cs
FN:9,System.Double api.mapserv.utah.gov.Models.RequestOptions.ReverseGeocodingOptions::get_Distance()
FNDA:0,System.Double api.mapserv.utah.gov.Models.RequestOptions.ReverseGeocodingOptions::get_Distance()
DA:10,0
LF:1
LH:0
BRF:0
BRH:0
FNF:1
FNH:0
end_of_record
SF:/Users/sgourley/Projects/webapi-core/api.mapserv.utah.gov/Models/Linkables/GridLinkable.cs
FN:11,System.String api.mapserv.utah.gov.Models.Linkables.GridLinkable::get_Grid()
FNDA:47,System.String api.mapserv.utah.gov.Models.Linkables.GridLinkable::get_Grid()
DA:12,47
FN:12,System.Int32 api.mapserv.utah.gov.Models.Linkables.GridLinkable::get_Weight()
FNDA:32,System.Int32 api.mapserv.utah.gov.Models.Linkables.GridLinkable::get_Weight()
DA:13,32
FN:4,System.Void api.mapserv.utah.gov.Models.Linkables.GridLinkable::.ctor(System.String,System.Int32)
FNDA:27,System.Void api.mapserv.utah.gov.Models.Linkables.GridLinkable::.ctor(System.String,System.Int32)
DA:5,27
DA:7,27
DA:8,27
DA:9,27
LF:6
LH:6
BRF:0
BRH:0
FNF:3
FNH:3
end_of_record
SF:/Users/sgourley/Projects/webapi-core/api.mapserv.utah.gov/Models/Linkables/PlaceGridLink.cs
FN:7,System.String api.mapserv.utah.gov.Models.Linkables.PlaceGridLink::get_City()
FNDA:14,System.String api.mapserv.utah.gov.Models.Linkables.PlaceGridLink::get_City()
DA:8,14
FN:9,System.String api.mapserv.utah.gov.Models.Linkables.PlaceGridLink::get_Key()
FNDA:0,System.String api.mapserv.utah.gov.Models.Linkables.PlaceGridLink::get_Key()
DA:10,0
FN:3,System.Void api.mapserv.utah.gov.Models.Linkables.PlaceGridLink::.ctor(System.String,System.String,System.Int32)
FNDA:14,System.Void api.mapserv.utah.gov.Models.Linkables.PlaceGridLink::.ctor(System.String,System.String,System.Int32)
DA:4,14
DA:5,14
DA:6,14
LF:5
LH:4
BRF:0
BRH:0
FNF:3
FNH:2
end_of_record
SF:/Users/sgourley/Projects/webapi-core/api.mapserv.utah.gov/Models/Linkables/UspsDeliveryPointLink.cs
FN:4,System.String api.mapserv.utah.gov.Models.Linkables.UspsDeliveryPointLink::get_MatchAddress()
FNDA:4,System.String api.mapserv.utah.gov.Models.Linkables.UspsDeliveryPointLink::get_MatchAddress()
DA:5,4
FN:5,System.Double api.mapserv.utah.gov.Models.Linkables.UspsDeliveryPointLink::get_X()
FNDA:4,System.Double api.mapserv.utah.gov.Models.Linkables.UspsDeliveryPointLink::get_X()
DA:6,4
FN:6,System.Double api.mapserv.utah.gov.Models.Linkables.UspsDeliveryPointLink::get_Y()
FNDA:4,System.Double api.mapserv.utah.gov.Models.Linkables.UspsDeliveryPointLink::get_Y()
DA:7,4
FN:9,System.Void api.mapserv.utah.gov.Models.Linkables.UspsDeliveryPointLink::.ctor(System.Int32,System.String,System.String,System.Decimal,System.Decimal)
FNDA:3,System.Void api.mapserv.utah.gov.Models.Linkables.UspsDeliveryPointLink::.ctor(System.Int32,System.String,System.String,System.Decimal,System.Decimal)
DA:10,3
DA:11,3
DA:12,3
DA:13,3
DA:14,3
LF:8
LH:8
BRF:0
BRH:0
FNF:4
FNH:4
end_of_record
SF:/Users/sgourley/Projects/webapi-core/api.mapserv.utah.gov/Models/Linkables/ZipGridLink.cs
FN:9,System.Int32 api.mapserv.utah.gov.Models.Linkables.ZipGridLink::get_ZipCode()
FNDA:13,System.Int32 api.mapserv.utah.gov.Models.Linkables.ZipGridLink::get_ZipCode()
DA:10,13
FN:11,System.String api.mapserv.utah.gov.Models.Linkables.ZipGridLink::get_Key()
FNDA:0,System.String api.mapserv.utah.gov.Models.Linkables.ZipGridLink::get_Key()
DA:12,0
FN:5,System.Void api.mapserv.utah.gov.Models.Linkables.ZipGridLink::.ctor(System.Int32,System.String,System.Int32)
FNDA:13,System.Void api.mapserv.utah.gov.Models.Linkables.ZipGridLink::.ctor(System.Int32,System.String,System.Int32)
DA:6,13
DA:7,13
DA:8,13
LF:5
LH:4
BRF:0
BRH:0
FNF:3
FNH:2
end_of_record
SF:/Users/sgourley/Projects/webapi-core/api.mapserv.utah.gov/Models/Configuration/DatabaseConfiguration.cs
FN:3,System.String api.mapserv.utah.gov.Models.Configuration.DatabaseConfiguration::get_Host()
FNDA:3,System.String api.mapserv.utah.gov.Models.Configuration.DatabaseConfiguration::get_Host()
DA:4,3
FN:4,System.String api.mapserv.utah.gov.Models.Configuration.DatabaseConfiguration::get_Port()
FNDA:3,System.String api.mapserv.utah.gov.Models.Configuration.DatabaseConfiguration::get_Port()
DA:5,3
FN:5,System.String api.mapserv.utah.gov.Models.Configuration.DatabaseConfiguration::get_Db()
FNDA:3,System.String api.mapserv.utah.gov.Models.Configuration.DatabaseConfiguration::get_Db()
DA:6,3
FN:6,System.String api.mapserv.utah.gov.Models.Configuration.DatabaseConfiguration::get_Username()
FNDA:3,System.String api.mapserv.utah.gov.Models.Configuration.DatabaseConfiguration::get_Username()
DA:7,3
FN:7,System.String api.mapserv.utah.gov.Models.Configuration.DatabaseConfiguration::get_Password()
FNDA:3,System.String api.mapserv.utah.gov.Models.Configuration.DatabaseConfiguration::get_Password()
DA:8,3
FN:10,System.String api.mapserv.utah.gov.Models.Configuration.DatabaseConfiguration::get_ConnectionString()
FNDA:1,System.String api.mapserv.utah.gov.Models.Configuration.DatabaseConfiguration::get_ConnectionString()
DA:11,1
LF:6
LH:6
BRF:0
BRH:0
FNF:6
FNH:6
end_of_record
SF:/Users/sgourley/Projects/webapi-core/api.mapserv.utah.gov/Models/Configuration/GeometryServiceConfiguration.cs
FN:4,System.String api.mapserv.utah.gov.Models.Configuration.GeometryServiceConfiguration::get_Protocol()
FNDA:11,System.String api.mapserv.utah.gov.Models.Configuration.GeometryServiceConfiguration::get_Protocol()
DA:5,11
FN:5,System.String api.mapserv.utah.gov.Models.Configuration.GeometryServiceConfiguration::get_Host()
FNDA:11,System.String api.mapserv.utah.gov.Models.Configuration.GeometryServiceConfiguration::get_Host()
DA:6,11
FN:6,System.String api.mapserv.utah.gov.Models.Configuration.GeometryServiceConfiguration::get_Port()
FNDA:12,System.String api.mapserv.utah.gov.Models.Configuration.GeometryServiceConfiguration::get_Port()
DA:7,12
FN:7,System.String api.mapserv.utah.gov.Models.Configuration.GeometryServiceConfiguration::get_Path()
FNDA:11,System.String api.mapserv.utah.gov.Models.Configuration.GeometryServiceConfiguration::get_Path()
DA:8,11
FN:10,System.String api.mapserv.utah.gov.Models.Configuration.GeometryServiceConfiguration::ToString()
FNDA:4,System.String api.mapserv.utah.gov.Models.Configuration.GeometryServiceConfiguration::ToString()
DA:11,4
DA:13,4
DA:14,1
DA:17,4
DA:19,4
BRDA:13,23,0,1
BRDA:13,23,1,4
LF:9
LH:9
BRF:2
BRH:2
FNF:5
FNH:5
end_of_record
SF:/Users/sgourley/Projects/webapi-core/api.mapserv.utah.gov/Models/Configuration/GisServerConfiguration.cs
FN:2,System.String api.mapserv.utah.gov.Models.Configuration.GisServerConfiguration::get_Protocol()
FNDA:28,System.String api.mapserv.utah.gov.Models.Configuration.GisServerConfiguration::get_Protocol()
DA:3,28
FN:3,System.String api.mapserv.utah.gov.Models.Configuration.GisServerConfiguration::get_Host()
FNDA:28,System.String api.mapserv.utah.gov.Models.Configuration.GisServerConfiguration::get_Host()
DA:4,28
FN:4,System.String api.mapserv.utah.gov.Models.Configuration.GisServerConfiguration::get_Port()
FNDA:35,System.String api.mapserv.utah.gov.Models.Configuration.GisServerConfiguration::get_Port()
DA:5,35
FN:7,System.String api.mapserv.utah.gov.Models.Configuration.GisServerConfiguration::ToString()
FNDA:9,System.String api.mapserv.utah.gov.Models.Configuration.GisServerConfiguration::ToString()
DA:8,9
DA:10,9
DA:11,7
DA:14,9
BRDA:10,23,0,7
BRDA:10,23,1,9
LF:7
LH:7
BRF:2
BRH:2
FNF:4
FNH:4
end_of_record
SF:/Users/sgourley/Projects/webapi-core/api.mapserv.utah.gov/Models/ArcGis/Candidate.cs
FN:10,System.String api.mapserv.utah.gov.Models.ArcGis.Candidate::get_Address()
FNDA:37,System.String api.mapserv.utah.gov.Models.ArcGis.Candidate::get_Address()
DA:11,37
FN:12,System.Void api.mapserv.utah.gov.Models.ArcGis.Candidate::set_Address(System.String)
FNDA:41,System.Void api.mapserv.utah.gov.Models.ArcGis.Candidate::set_Address(System.String)
DA:13,41
DA:15,41
DA:16,1
DA:19,40
DA:21,40
DA:22,39
DA:25,1
DA:26,1
DA:27,1
BRDA:15,18,0,1
BRDA:15,18,1,40
BRDA:21,48,0,39
BRDA:21,48,1,1
FN:30,api.mapserv.utah.gov.Models.Point api.mapserv.utah.gov.Models.ArcGis.Candidate::get_Location()
FNDA:25,api.mapserv.utah.gov.Models.Point api.mapserv.utah.gov.Models.ArcGis.Candidate::get_Location()
DA:31,25
FN:33,System.Double api.mapserv.utah.gov.Models.ArcGis.Candidate::get_Score()
FNDA:140,System.Double api.mapserv.utah.gov.Models.ArcGis.Candidate::get_Score()
DA:34,140
FN:35,System.Double api.mapserv.utah.gov.Models.ArcGis.Candidate::get_ScoreDifference()
FNDA:13,System.Double api.mapserv.utah.gov.Models.ArcGis.Candidate::get_ScoreDifference()
DA:36,13
FN:38,System.String api.mapserv.utah.gov.Models.ArcGis.Candidate::get_Locator()
FNDA:9,System.String api.mapserv.utah.gov.Models.ArcGis.Candidate::get_Locator()
DA:39,9
FN:41,System.String api.mapserv.utah.gov.Models.ArcGis.Candidate::get_AddressGrid()
FNDA:25,System.String api.mapserv.utah.gov.Models.ArcGis.Candidate::get_AddressGrid()
DA:42,25
FN:44,System.Int32 api.mapserv.utah.gov.Models.ArcGis.Candidate::get_Weight()
FNDA:104,System.Int32 api.mapserv.utah.gov.Models.ArcGis.Candidate::get_Weight()
DA:45,104
FN:46,System.Boolean api.mapserv.utah.gov.Models.ArcGis.Candidate::ShouldSerializeScoreDifference()
FNDA:0,System.Boolean api.mapserv.utah.gov.Models.ArcGis.Candidate::ShouldSerializeScoreDifference()
DA:47,0
LF:17
LH:16
BRF:4
BRH:4
FNF:9
FNH:8
end_of_record
SF:/Users/sgourley/Projects/webapi-core/api.mapserv.utah.gov/Models/ArcGis/LocatorServiceStatus.cs
FN:5,System.Int32 api.mapserv.utah.gov.Models.ArcGis.LocatorServiceStatus::get_Code()
FNDA:0,System.Int32 api.mapserv.utah.gov.Models.ArcGis.LocatorServiceStatus::get_Code()
DA:6,0
FN:8,System.String api.mapserv.utah.gov.Models.ArcGis.LocatorServiceStatus::get_Message()
FNDA:0,System.String api.mapserv.utah.gov.Models.ArcGis.LocatorServiceStatus::get_Message()
DA:9,0
FN:11,System.String[] api.mapserv.utah.gov.Models.ArcGis.LocatorServiceStatus::get_Details()
FNDA:0,System.String[] api.mapserv.utah.gov.Models.ArcGis.LocatorServiceStatus::get_Details()
DA:12,0
LF:3
LH:0
BRF:0
BRH:0
FNF:3
FNH:0
end_of_record
SF:/Users/sgourley/Projects/webapi-core/api.mapserv.utah.gov/Models/ArcGis/PointReprojectOptions.cs
FN:13,System.Int32 api.mapserv.utah.gov.Models.ArcGis.PointReprojectOptions::get_CurrentSpatialReference()
FNDA:0,System.Int32 api.mapserv.utah.gov.Models.ArcGis.PointReprojectOptions::get_CurrentSpatialReference()
DA:14,0
FN:16,System.Int32 api.mapserv.utah.gov.Models.ArcGis.PointReprojectOptions::get_ReprojectToSpatialReference()
FNDA:0,System.Int32 api.mapserv.utah.gov.Models.ArcGis.PointReprojectOptions::get_ReprojectToSpatialReference()
DA:17,0
FN:19,System.Collections.Generic.IReadOnlyCollection`1<System.Double> api.mapserv.utah.gov.Models.ArcGis.PointReprojectOptions::get_Coordinates()
FNDA:0,System.Collections.Generic.IReadOnlyCollection`1<System.Double> api.mapserv.utah.gov.Models.ArcGis.PointReprojectOptions::get_Coordinates()
DA:20,0
FN:5,System.Void api.mapserv.utah.gov.Models.ArcGis.PointReprojectOptions::.ctor(System.Int32,System.Int32,System.Collections.Generic.IReadOnlyCollection`1<System.Double>)
FNDA:0,System.Void api.mapserv.utah.gov.Models.ArcGis.PointReprojectOptions::.ctor(System.Int32,System.Int32,System.Collections.Generic.IReadOnlyCollection`1<System.Double>)
DA:6,0
DA:7,0
DA:8,0
DA:9,0
DA:10,0
DA:11,0
LF:9
LH:0
BRF:0
BRH:0
FNF:4
FNH:0
end_of_record
SF:/Users/sgourley/Projects/webapi-core/api.mapserv.utah.gov/Models/ArcGis/ReprojectResponse.cs
FN:6,System.Collections.Generic.IReadOnlyCollection`1<T> api.mapserv.utah.gov.Models.ArcGis.ReprojectResponse`1::get_Geometries()
FNDA:0,System.Collections.Generic.IReadOnlyCollection`1<T> api.mapserv.utah.gov.Models.ArcGis.ReprojectResponse`1::get_Geometries()
DA:7,0
LF:1
LH:0
BRF:0
BRH:0
FNF:1
FNH:0
end_of_record
SF:/Users/sgourley/Projects/webapi-core/api.mapserv.utah.gov/Models/ArcGis/RestEndpointError.cs
FN:5,System.Int32 api.mapserv.utah.gov.Models.ArcGis.RestEndpointError::get_Code()
FNDA:0,System.Int32 api.mapserv.utah.gov.Models.ArcGis.RestEndpointError::get_Code()
DA:6,0
FN:6,System.String api.mapserv.utah.gov.Models.ArcGis.RestEndpointError::get_Message()
FNDA:0,System.String api.mapserv.utah.gov.Models.ArcGis.RestEndpointError::get_Message()
DA:7,0
FN:7,System.Collections.Generic.IReadOnlyCollection`1<System.Object> api.mapserv.utah.gov.Models.ArcGis.RestEndpointError::get_Details()
FNDA:0,System.Collections.Generic.IReadOnlyCollection`1<System.Object> api.mapserv.utah.gov.Models.ArcGis.RestEndpointError::get_Details()
DA:8,0
LF:3
LH:0
BRF:0
BRH:0
FNF:3
FNH:0
end_of_record
SF:/Users/sgourley/Projects/webapi-core/api.mapserv.utah.gov/Models/ArcGis/RestErrorable.cs
FN:2,api.mapserv.utah.gov.Models.ArcGis.RestEndpointError api.mapserv.utah.gov.Models.ArcGis.RestErrorable::get_Error()
FNDA:0,api.mapserv.utah.gov.Models.ArcGis.RestEndpointError api.mapserv.utah.gov.Models.ArcGis.RestErrorable::get_Error()
DA:3,0
FN:3,System.Boolean api.mapserv.utah.gov.Models.ArcGis.RestErrorable::get_IsSuccessful()
FNDA:0,System.Boolean api.mapserv.utah.gov.Models.ArcGis.RestErrorable::get_IsSuccessful()
DA:4,0
LF:2
LH:0
BRF:0
BRH:0
FNF:2
FNH:0
end_of_record
SF:/Users/sgourley/Projects/webapi-core/api.mapserv.utah.gov/Models/ArcGis/ReverseGeocodeRestResponse.cs
FN:2,api.mapserv.utah.gov.Models.ArcGis.ReverseGeocodeRestResponse/ReverseMatchAddress api.mapserv.utah.gov.Models.ArcGis.ReverseGeocodeRestResponse::get_Address()
FNDA:0,api.mapserv.utah.gov.Models.ArcGis.ReverseGeocodeRestResponse/ReverseMatchAddress api.mapserv.utah.gov.Models.ArcGis.ReverseGeocodeRestResponse::get_Address()
DA:3,0
FN:4,api.mapserv.utah.gov.Models.Point api.mapserv.utah.gov.Models.ArcGis.ReverseGeocodeRestResponse::get_Location()
FNDA:0,api.mapserv.utah.gov.Models.Point api.mapserv.utah.gov.Models.ArcGis.ReverseGeocodeRestResponse::get_Location()
DA:5,0
FN:7,System.String api.mapserv.utah.gov.Models.ArcGis.ReverseGeocodeRestResponse/ReverseMatchAddress::get_Street()
FNDA:0,System.String api.mapserv.utah.gov.Models.ArcGis.ReverseGeocodeRestResponse/ReverseMatchAddress::get_Street()
DA:8,0
FN:8,System.String api.mapserv.utah.gov.Models.ArcGis.ReverseGeocodeRestResponse/ReverseMatchAddress::get_City()
FNDA:0,System.String api.mapserv.utah.gov.Models.ArcGis.ReverseGeocodeRestResponse/ReverseMatchAddress::get_City()
DA:9,0
LF:4
LH:0
BRF:0
BRH:0
FNF:4
FNH:0
end_of_record
SF:/Users/sgourley/Projects/webapi-core/api.mapserv.utah.gov/Models/ApiResponses/GeocodeAddressApiResponse.cs
FN:8,api.mapserv.utah.gov.Models.Point api.mapserv.utah.gov.Models.ResponseObjects.GeocodeAddressApiResponse::get_Location()
FNDA:13,api.mapserv.utah.gov.Models.Point api.mapserv.utah.gov.Models.ResponseObjects.GeocodeAddressApiResponse::get_Location()
DA:9,13
FN:11,System.Double api.mapserv.utah.gov.Models.ResponseObjects.GeocodeAddressApiResponse::get_Score()
FNDA:19,System.Double api.mapserv.utah.gov.Models.ResponseObjects.GeocodeAddressApiResponse::get_Score()
DA:12,19
FN:14,System.String api.mapserv.utah.gov.Models.ResponseObjects.GeocodeAddressApiResponse::get_Locator()
FNDA:7,System.String api.mapserv.utah.gov.Models.ResponseObjects.GeocodeAddressApiResponse::get_Locator()
DA:15,7
FN:17,System.String api.mapserv.utah.gov.Models.ResponseObjects.GeocodeAddressApiResponse::get_MatchAddress()
FNDA:9,System.String api.mapserv.utah.gov.Models.ResponseObjects.GeocodeAddressApiResponse::get_MatchAddress()
DA:18,9
FN:20,System.String api.mapserv.utah.gov.Models.ResponseObjects.GeocodeAddressApiResponse::get_InputAddress()
FNDA:11,System.String api.mapserv.utah.gov.Models.ResponseObjects.GeocodeAddressApiResponse::get_InputAddress()
DA:21,11
FN:23,System.String api.mapserv.utah.gov.Models.ResponseObjects.GeocodeAddressApiResponse::get_StandardizedAddress()
FNDA:5,System.String api.mapserv.utah.gov.Models.ResponseObjects.GeocodeAddressApiResponse::get_StandardizedAddress()
DA:24,5
FN:26,System.String api.mapserv.utah.gov.Models.ResponseObjects.GeocodeAddressApiResponse::get_AddressGrid()
FNDA:5,System.String api.mapserv.utah.gov.Models.ResponseObjects.GeocodeAddressApiResponse::get_AddressGrid()
DA:27,5
FN:30,System.Double api.mapserv.utah.gov.Models.ResponseObjects.GeocodeAddressApiResponse::get_ScoreDifference()
FNDA:7,System.Double api.mapserv.utah.gov.Models.ResponseObjects.GeocodeAddressApiResponse::get_ScoreDifference()
DA:31,7
FN:31,System.Void api.mapserv.utah.gov.Models.ResponseObjects.GeocodeAddressApiResponse::set_ScoreDifference(System.Double)
FNDA:5,System.Void api.mapserv.utah.gov.Models.ResponseObjects.GeocodeAddressApiResponse::set_ScoreDifference(System.Double)
DA:32,5
FN:35,System.Int32 api.mapserv.utah.gov.Models.ResponseObjects.GeocodeAddressApiResponse::get_Wkid()
FNDA:3,System.Int32 api.mapserv.utah.gov.Models.ResponseObjects.GeocodeAddressApiResponse::get_Wkid()
DA:36,3
FN:37,System.Boolean api.mapserv.utah.gov.Models.ResponseObjects.GeocodeAddressApiResponse::ShouldSerializeLocation()
FNDA:2,System.Boolean api.mapserv.utah.gov.Models.ResponseObjects.GeocodeAddressApiResponse::ShouldSerializeLocation()
DA:38,2
FN:39,System.Boolean api.mapserv.utah.gov.Models.ResponseObjects.GeocodeAddressApiResponse::ShouldSerializeScore()
FNDA:2,System.Boolean api.mapserv.utah.gov.Models.ResponseObjects.GeocodeAddressApiResponse::ShouldSerializeScore()
DA:40,2
FN:41,System.Boolean api.mapserv.utah.gov.Models.ResponseObjects.GeocodeAddressApiResponse::ShouldSerializeMatchAddress()
FNDA:2,System.Boolean api.mapserv.utah.gov.Models.ResponseObjects.GeocodeAddressApiResponse::ShouldSerializeMatchAddress()
DA:42,2
FN:43,System.Boolean api.mapserv.utah.gov.Models.ResponseObjects.GeocodeAddressApiResponse::ShouldSerializeLocator()
FNDA:2,System.Boolean api.mapserv.utah.gov.Models.ResponseObjects.GeocodeAddressApiResponse::ShouldSerializeLocator()
DA:44,2
FN:45,System.Boolean api.mapserv.utah.gov.Models.ResponseObjects.GeocodeAddressApiResponse::ShouldSerializeScoreDifference()
FNDA:2,System.Boolean api.mapserv.utah.gov.Models.ResponseObjects.GeocodeAddressApiResponse::ShouldSerializeScoreDifference()
DA:46,2
LF:15
LH:15
BRF:0
BRH:0
FNF:15
FNH:15
end_of_record
SF:/Users/sgourley/Projects/webapi-core/api.mapserv.utah.gov/Models/ApiResponses/ReverseGeocodeApiResponse.cs
FN:6,System.String api.mapserv.utah.gov.Models.ResponseObjects.ReverseGeocodeApiResponse::get_Address()
FNDA:0,System.String api.mapserv.utah.gov.Models.ResponseObjects.ReverseGeocodeApiResponse::get_Address()
DA:7,0
FN:9,System.String api.mapserv.utah.gov.Models.ResponseObjects.ReverseGeocodeApiResponse::get_Grid()
FNDA:0,System.String api.mapserv.utah.gov.Models.ResponseObjects.ReverseGeocodeApiResponse::get_Grid()
DA:10,0
FN:12,api.mapserv.utah.gov.Models.Point api.mapserv.utah.gov.Models.ResponseObjects.ReverseGeocodeApiResponse::get_MatchPoint()
FNDA:13,api.mapserv.utah.gov.Models.Point api.mapserv.utah.gov.Models.ResponseObjects.ReverseGeocodeApiResponse::get_MatchPoint()
DA:13,13
FN:15,api.mapserv.utah.gov.Models.Point api.mapserv.utah.gov.Models.ResponseObjects.ReverseGeocodeApiResponse::get_InputPoint()
FNDA:14,api.mapserv.utah.gov.Models.Point api.mapserv.utah.gov.Models.ResponseObjects.ReverseGeocodeApiResponse::get_InputPoint()
DA:16,14
FN:20,System.Nullable`1<System.Double> api.mapserv.utah.gov.Models.ResponseObjects.ReverseGeocodeApiResponse::get_Distance()
FNDA:4,System.Nullable`1<System.Double> api.mapserv.utah.gov.Models.ResponseObjects.ReverseGeocodeApiResponse::get_Distance()
DA:21,4
DA:22,1
DA:25,3
DA:26,3
DA:28,3
BRDA:21,6,0,3
BRDA:21,6,1,1
BRDA:21,14,0,1
BRDA:21,14,1,3
LF:9
LH:7
BRF:4
BRH:4
FNF:5
FNH:3
end_of_record
SF:/Users/sgourley/Projects/webapi-core/api.mapserv.utah.gov/Models/ApiResponses/ApiResponseContainer.cs
FN:5,System.Int32 api.mapserv.utah.gov.Models.ApiResponses.ApiResponseContainer::get_Status()
FNDA:108,System.Int32 api.mapserv.utah.gov.Models.ApiResponses.ApiResponseContainer::get_Status()
DA:6,108
FN:8,System.String api.mapserv.utah.gov.Models.ApiResponses.ApiResponseContainer::get_Message()
FNDA:106,System.String api.mapserv.utah.gov.Models.ApiResponses.ApiResponseContainer::get_Message()
DA:9,106
FN:10,System.Boolean api.mapserv.utah.gov.Models.ApiResponses.ApiResponseContainer::ShouldSerializeMessage()
FNDA:0,System.Boolean api.mapserv.utah.gov.Models.ApiResponses.ApiResponseContainer::ShouldSerializeMessage()
DA:11,0
FN:15,T api.mapserv.utah.gov.Models.ApiResponses.ApiResponseContainer`1::get_Result()
FNDA:16,T api.mapserv.utah.gov.Models.ApiResponses.ApiResponseContainer`1::get_Result()
DA:16,16
LF:4
LH:3
BRF:0
BRH:0
FNF:4
FNH:3
end_of_record
SF:/Users/sgourley/Projects/webapi-core/api.mapserv.utah.gov/Formatters/TextPlainResponseFormatter.cs
FN:5,System.Void api.mapserv.utah.gov.Formatters.TextPlainResponseFormatter::.ctor()
FNDA:0,System.Void api.mapserv.utah.gov.Formatters.TextPlainResponseFormatter::.ctor()
DA:6,0
DA:7,0
DA:8,0
LF:3
LH:0
BRF:0
BRH:0
FNF:1
FNH:0
end_of_record
SF:/Users/sgourley/Projects/webapi-core/api.mapserv.utah.gov/Filters/AuthorizeApiKeyFromRequest.cs
FN:149,System.Boolean api.mapserv.utah.gov.Filters.AuthorizeApiKeyFromRequest::ApiKeyPatternMatches(System.Text.RegularExpressions.Regex,System.String,System.Uri)
FNDA:80,System.Boolean api.mapserv.utah.gov.Filters.AuthorizeApiKeyFromRequest::ApiKeyPatternMatches(System.Text.RegularExpressions.Regex,System.String,System.Uri)
DA:150,80
DA:151,80
DA:152,80
DA:153,80
DA:155,80
DA:156,48
DA:159,80
DA:160,38
DA:161,38
DA:162,23
DA:166,80
BRDA:155,26,0,80
BRDA:155,40,0,48
BRDA:155,26,1,80
BRDA:155,40,1,80
BRDA:159,45,0,38
BRDA:161,68,0,23
BRDA:159,45,1,80
BRDA:161,68,1,80
FN:169,System.Boolean api.mapserv.utah.gov.Filters.AuthorizeApiKeyFromRequest::IsLocalDevelopment(System.Uri,System.String)
FNDA:4,System.Boolean api.mapserv.utah.gov.Filters.AuthorizeApiKeyFromRequest::IsLocalDevelopment(System.Uri,System.String)
DA:170,4
DA:171,4
DA:172,4
DA:173,4
DA:175,4
DA:176,4
DA:177,0
DA:180,4
DA:181,0
DA:184,4
BRDA:175,26,0,4
BRDA:175,45,0,0
BRDA:175,26,1,4
BRDA:175,45,1,4
BRDA:180,50,0,0
BRDA:180,64,0,0
BRDA:180,50,1,4
BRDA:180,64,1,4
FN:20,System.Void api.mapserv.utah.gov.Filters.AuthorizeApiKeyFromRequest::.ctor(api.mapserv.utah.gov.Filters.IBrowserKeyProvider,api.mapserv.utah.gov.Filters.IServerIpProvider,api.mapserv.utah.gov.Services.IApiKeyRepository)
FNDA:89,System.Void api.mapserv.utah.gov.Filters.AuthorizeApiKeyFromRequest::.ctor(api.mapserv.utah.gov.Filters.IBrowserKeyProvider,api.mapserv.utah.gov.Filters.IServerIpProvider,api.mapserv.utah.gov.Services.IApiKeyRepository)
DA:21,89
DA:22,89
DA:23,89
DA:24,89
DA:25,89
DA:26,89
FN:187,System.String api.mapserv.utah.gov.Filters.AuthorizeApiKeyFromRequest/ServerIpProvider::Get(Microsoft.AspNetCore.Http.HttpRequest)
FNDA:0,System.String api.mapserv.utah.gov.Filters.AuthorizeApiKeyFromRequest/ServerIpProvider::Get(Microsoft.AspNetCore.Http.HttpRequest)
DA:188,0
FN:193,System.String api.mapserv.utah.gov.Filters.AuthorizeApiKeyFromRequest/BrowserKeyProvider::Get(Microsoft.AspNetCore.Http.HttpRequest)
FNDA:0,System.String api.mapserv.utah.gov.Filters.AuthorizeApiKeyFromRequest/BrowserKeyProvider::Get(Microsoft.AspNetCore.Http.HttpRequest)
DA:194,0
DA:196,0
DA:197,0
DA:199,0
DA:200,0
DA:203,0
DA:205,0
DA:206,0
DA:208,0
DA:209,0
DA:211,0
DA:212,0
DA:213,0
DA:214,0
DA:217,0
DA:218,0
BRDA:196,28,0,0
BRDA:196,28,1,0
BRDA:205,66,0,0
BRDA:205,81,0,0
BRDA:205,66,1,0
BRDA:205,81,1,0
BRDA:211,134,0,0
BRDA:211,134,1,0
BRDA:211,166,0,0
BRDA:211,166,1,0
FN:91,System.Boolean api.mapserv.utah.gov.Filters.AuthorizeApiKeyFromRequest/<>c::<OnResourceExecutionAsync>b__5_0(System.Collections.Generic.KeyValuePair`2<System.String,Microsoft.Extensions.Primitives.StringValues>)
FNDA:199,System.Boolean api.mapserv.utah.gov.Filters.AuthorizeApiKeyFromRequest/<>c::<OnResourceExecutionAsync>b__5_0(System.Collections.Generic.KeyValuePair`2<System.String,Microsoft.Extensions.Primitives.StringValues>)
DA:92,199
FN:28,System.Void api.mapserv.utah.gov.Filters.AuthorizeApiKeyFromRequest/<OnResourceExecutionAsync>d__5::MoveNext()
FNDA:89,System.Void api.mapserv.utah.gov.Filters.AuthorizeApiKeyFromRequest/<OnResourceExecutionAsync>d__5::MoveNext()
DA:29,89
DA:32,89
DA:33,3
DA:35,3
DA:36,3
DA:37,3
DA:38,3
DA:39,3
DA:41,3
DA:43,3
DA:46,86
DA:48,86
DA:49,86
DA:50,86
DA:51,86
DA:52,86
DA:55,86
DA:56,1
DA:58,1
DA:60,1
DA:65,85
DA:66,1
DA:68,1
DA:69,1
DA:70,1
DA:71,1
DA:73,1
DA:76,84
DA:77,1
DA:78,1
DA:80,1
DA:82,1
DA:85,83
DA:86,81
DA:88,81
DA:89,1
DA:94,81
DA:95,1
DA:97,1
DA:98,1
DA:99,1
DA:100,1
DA:101,1
DA:102,1
DA:103,1
DA:105,1
DA:108,80
DA:109,80
DA:111,80
DA:112,38
DA:115,80
DA:116,80
DA:117,0
DA:119,0
DA:122,80
DA:123,32
DA:125,32
DA:128,2
DA:129,2
DA:131,2
DA:132,1
DA:133,1
DA:135,1
DA:136,1
DA:137,1
DA:138,1
DA:139,1
DA:140,1
DA:142,1
DA:146,49
DA:147,89
BRDA:32,80,0,3
BRDA:32,80,1,86
BRDA:46,175,0,0
BRDA:46,175,1,86
BRDA:55,299,0,1
BRDA:55,299,1,85
BRDA:65,360,0,84
BRDA:65,360,1,1
BRDA:65,369,0,1
BRDA:65,369,1,84
BRDA:76,447,0,1
BRDA:80,530,0,0
BRDA:80,530,1,1
BRDA:76,447,1,83
BRDA:85,617,0,81
BRDA:88,669,0,1
BRDA:88,669,1,81
BRDA:92,732,0,1
BRDA:92,732,1,81
BRDA:94,787,0,1
BRDA:94,796,0,1
BRDA:94,787,1,80
BRDA:94,796,1,80
BRDA:111,880,0,38
BRDA:111,880,1,80
BRDA:115,907,0,4
BRDA:115,937,0,0
BRDA:117,964,0,0
BRDA:117,964,1,0
BRDA:115,907,1,80
BRDA:115,937,1,80
BRDA:122,1071,0,32
BRDA:85,617,1,2
BRDA:131,1144,0,1
BRDA:122,1071,1,49
BRDA:131,1144,1,49
BRDA:146,1281,0,0
BRDA:146,1281,1,49
LF:116
LH:95
BRF:64
BRH:45
FNF:7
FNH:5
end_of_record
SF:/Users/sgourley/Projects/webapi-core/api.mapserv.utah.gov/Filters/JsonOutputFormatResultFilter.cs
FN:12,System.Void api.mapserv.utah.gov.Filters.JsonOutputFormatResultFilter::.ctor(MediatR.IMediator)
FNDA:0,System.Void api.mapserv.utah.gov.Filters.JsonOutputFormatResultFilter::.ctor(MediatR.IMediator)
DA:13,0
DA:14,0
DA:15,0
FN:17,System.Void api.mapserv.utah.gov.Filters.JsonOutputFormatResultFilter/<OnResultExecutionAsync>d__2::MoveNext()
FNDA:0,System.Void api.mapserv.utah.gov.Filters.JsonOutputFormatResultFilter/<OnResultExecutionAsync>d__2::MoveNext()
DA:18,0
DA:19,0
DA:20,0
DA:22,0
DA:25,0
DA:27,0
DA:28,0
DA:30,0
DA:31,0
DA:33,0
DA:36,0
DA:37,0
DA:47,0
DA:48,0
BRDA:19,79,0,0
BRDA:20,106,0,0
BRDA:20,106,1,0
BRDA:19,79,1,0
BRDA:27,217,0,0
BRDA:28,254,0,0
BRDA:28,254,1,0
BRDA:31,331,0,0
BRDA:31,331,1,0
BRDA:28,268,1,0
BRDA:37,485,0,0
BRDA:37,485,1,0
BRDA:27,217,1,0
BRDA:28,268,0,0
BRDA:47,606,0,0
BRDA:47,606,1,0
LF:17
LH:0
BRF:16
BRH:0
FNF:2
FNH:0
end_of_record
SF:/Users/sgourley/Projects/webapi-core/api.mapserv.utah.gov/Features/Health/CanaryController.cs
FN:18,Microsoft.Extensions.Options.IOptions`1<api.mapserv.utah.gov.Models.Configuration.DatabaseConfiguration> api.mapserv.utah.gov.Features.Monitoring.CanaryController::get_DbOptions()
FNDA:0,Microsoft.Extensions.Options.IOptions`1<api.mapserv.utah.gov.Models.Configuration.DatabaseConfiguration> api.mapserv.utah.gov.Features.Monitoring.CanaryController::get_DbOptions()
DA:19,0
FN:22,Microsoft.AspNetCore.Mvc.ObjectResult api.mapserv.utah.gov.Features.Monitoring.CanaryController::Index()
FNDA:0,Microsoft.AspNetCore.Mvc.ObjectResult api.mapserv.utah.gov.Features.Monitoring.CanaryController::Index()
DA:23,0
DA:24,0
DA:25,0
DA:26,0
FN:28,System.Object api.mapserv.utah.gov.Features.Monitoring.CanaryController::CheckDb()
FNDA:0,System.Object api.mapserv.utah.gov.Features.Monitoring.CanaryController::CheckDb()
DA:29,0
DA:31,0
DA:32,0
DA:34,0
DA:35,0
DA:36,0
DA:37,0
DA:38,0
DA:39,0
DA:40,0
DA:41,0
DA:42,0
DA:43,0
DA:44,0
DA:45,0
DA:48,0
DA:49,0
DA:50,0
DA:51,0
DA:52,0
FN:54,System.Object api.mapserv.utah.gov.Features.Monitoring.CanaryController::CheckCache()
FNDA:0,System.Object api.mapserv.utah.gov.Features.Monitoring.CanaryController::CheckCache()
DA:55,0
DA:57,0
DA:58,0
DA:60,0
DA:61,0
DA:62,0
DA:63,0
DA:64,0
DA:65,0
DA:66,0
DA:67,0
DA:70,0
DA:71,0
DA:72,0
DA:73,0
DA:74,0
FN:14,System.Void api.mapserv.utah.gov.Features.Monitoring.CanaryController::.ctor(Microsoft.Extensions.Options.IOptions`1<api.mapserv.utah.gov.Models.Configuration.DatabaseConfiguration>)
FNDA:0,System.Void api.mapserv.utah.gov.Features.Monitoring.CanaryController::.ctor(Microsoft.Extensions.Options.IOptions`1<api.mapserv.utah.gov.Models.Configuration.DatabaseConfiguration>)
DA:15,0
DA:16,0
DA:17,0
FN:76,System.Object api.mapserv.utah.gov.Features.Monitoring.CanaryController/CanaryResult::get_Sql()
FNDA:0,System.Object api.mapserv.utah.gov.Features.Monitoring.CanaryController/CanaryResult::get_Sql()
DA:77,0
FN:77,System.Object api.mapserv.utah.gov.Features.Monitoring.CanaryController/CanaryResult::get_Cache()
FNDA:0,System.Object api.mapserv.utah.gov.Features.Monitoring.CanaryController/CanaryResult::get_Cache()
DA:78,0
FN:78,System.Object api.mapserv.utah.gov.Features.Monitoring.CanaryController/CanaryResult::get_Db()
FNDA:0,System.Object api.mapserv.utah.gov.Features.Monitoring.CanaryController/CanaryResult::get_Db()
DA:79,0
FN:79,System.Collections.Generic.Dictionary`2<System.String,System.Object> api.mapserv.utah.gov.Features.Monitoring.CanaryController/CanaryResult::get_Locators()
FNDA:0,System.Collections.Generic.Dictionary`2<System.String,System.Object> api.mapserv.utah.gov.Features.Monitoring.CanaryController/CanaryResult::get_Locators()
DA:80,0
LF:48
LH:0
BRF:0
BRH:0
FNF:9
FNH:0
end_of_record
SF:/Users/sgourley/Projects/webapi-core/api.mapserv.utah.gov/Features/GeometryService/Reproject.cs
FN:22,System.String api.mapserv.utah.gov.Features.GeometryService.Reproject/Command::get_ReprojectUrl()
FNDA:0,System.String api.mapserv.utah.gov.Features.GeometryService.Reproject/Command::get_ReprojectUrl()
DA:23,0
FN:18,System.Void api.mapserv.utah.gov.Features.GeometryService.Reproject/Command::.ctor(api.mapserv.utah.gov.Models.ArcGis.PointReprojectOptions)
FNDA:0,System.Void api.mapserv.utah.gov.Features.GeometryService.Reproject/Command::.ctor(api.mapserv.utah.gov.Models.ArcGis.PointReprojectOptions)
DA:19,0
DA:20,0
DA:21,0
FN:30,System.Void api.mapserv.utah.gov.Features.GeometryService.Reproject/Handler::.ctor(Microsoft.Extensions.Options.IOptions`1<api.mapserv.utah.gov.Models.Configuration.GeometryServiceConfiguration>,System.Net.Http.IHttpClientFactory)
FNDA:0,System.Void api.mapserv.utah.gov.Features.GeometryService.Reproject/Handler::.ctor(Microsoft.Extensions.Options.IOptions`1<api.mapserv.utah.gov.Models.Configuration.GeometryServiceConfiguration>,System.Net.Http.IHttpClientFactory)
DA:31,0
DA:32,0
DA:33,0
DA:34,0
DA:35,0
DA:36,0
DA:37,0
DA:38,0
FN:40,System.Void api.mapserv.utah.gov.Features.GeometryService.Reproject/Handler/<Handle>d__4::MoveNext()
FNDA:0,System.Void api.mapserv.utah.gov.Features.GeometryService.Reproject/Handler/<Handle>d__4::MoveNext()
DA:41,0
DA:42,0
DA:45,0
DA:46,0
DA:47,0
DA:48,0
DA:50,0
DA:52,0
DA:54,0
DA:55,0
DA:57,0
DA:58,0
BRDA:41,22,0,0
BRDA:41,43,0,0
BRDA:41,43,1,0
BRDA:54,289,0,0
BRDA:54,289,1,0
BRDA:55,407,0,0
BRDA:41,22,1,0
BRDA:55,407,1,0
LF:24
LH:0
BRF:8
BRH:0
FNF:4
FNH:0
end_of_record
SF:/Users/sgourley/Projects/webapi-core/api.mapserv.utah.gov/Features/Geocoding/AddressParsing.cs
FN:17,System.String api.mapserv.utah.gov.Features.Geocoding.AddressParsing/Command::get_Street()
FNDA:198,System.String api.mapserv.utah.gov.Features.Geocoding.AddressParsing/Command::get_Street()
DA:18,198
FN:13,System.Void api.mapserv.utah.gov.Features.Geocoding.AddressParsing/Command::.ctor(System.String)
FNDA:66,System.Void api.mapserv.utah.gov.Features.Geocoding.AddressParsing/Command::.ctor(System.String)
DA:14,66
DA:15,66
DA:16,66
FN:29,System.String api.mapserv.utah.gov.Features.Geocoding.AddressParsing/Handler::get_Street()
FNDA:1310,System.String api.mapserv.utah.gov.Features.Geocoding.AddressParsing/Handler::get_Street()
DA:30,1310
FN:30,System.String api.mapserv.utah.gov.Features.Geocoding.AddressParsing/Handler::get_OriginalStreet()
FNDA:128,System.String api.mapserv.utah.gov.Features.Geocoding.AddressParsing/Handler::get_OriginalStreet()
DA:31,128
FN:31,System.String api.mapserv.utah.gov.Features.Geocoding.AddressParsing/Handler::get_StandardStreet()
FNDA:238,System.String api.mapserv.utah.gov.Features.Geocoding.AddressParsing/Handler::get_StandardStreet()
DA:32,238
FN:34,api.mapserv.utah.gov.Models.CleansedAddress api.mapserv.utah.gov.Features.Geocoding.AddressParsing/Handler::Handle(api.mapserv.utah.gov.Features.Geocoding.AddressParsing/Command)
FNDA:66,api.mapserv.utah.gov.Models.CleansedAddress api.mapserv.utah.gov.Features.Geocoding.AddressParsing/Handler::Handle(api.mapserv.utah.gov.Features.Geocoding.AddressParsing/Command)
DA:35,66
DA:37,66
DA:38,66
DA:39,66
DA:41,66
DA:42,66
DA:43,66
DA:45,66
DA:46,66
DA:48,66
DA:49,4
DA:52,62
DA:53,62
DA:54,62
DA:55,62
DA:57,62
DA:59,62
DA:61,62
BRDA:48,137,0,4
BRDA:48,137,1,62
FN:64,System.Boolean api.mapserv.utah.gov.Features.Geocoding.AddressParsing/Handler::TryParseDirection(System.String,api.mapserv.utah.gov.Models.Constants.Direction&)
FNDA:73,System.Boolean api.mapserv.utah.gov.Features.Geocoding.AddressParsing/Handler::TryParseDirection(System.String,api.mapserv.utah.gov.Models.Constants.Direction&)
DA:65,73
DA:67,73
DA:68,0
DA:71,73
DA:72,16
DA:73,16
DA:76,57
DA:78,15
DA:79,15
DA:81,13
DA:82,13
DA:84,12
DA:85,12
DA:87,17
DA:88,17
DA:90,0
DA:94,0
BRDA:67,9,0,0
BRDA:67,9,1,73
BRDA:71,20,0,16
BRDA:72,30,0,16
BRDA:71,20,1,57
BRDA:76,52,0,42
BRDA:76,65,0,29
BRDA:76,78,0,17
BRDA:76,52,1,15
BRDA:76,65,1,13
BRDA:76,78,1,12
BRDA:76,91,1,17
BRDA:76,91,0,0
BRDA:72,30,1,0
FN:98,System.Boolean api.mapserv.utah.gov.Features.Geocoding.AddressParsing/Handler::IsOneCharacterStreetName(api.mapserv.utah.gov.Models.AddressBase,System.String)
FNDA:50,System.Boolean api.mapserv.utah.gov.Features.Geocoding.AddressParsing/Handler::IsOneCharacterStreetName(api.mapserv.utah.gov.Models.AddressBase,System.String)
DA:99,50
DA:100,50
DA:101,50
DA:103,50
BRDA:103,42,0,24
BRDA:103,42,1,26
FN:106,System.Int32 api.mapserv.utah.gov.Features.Geocoding.AddressParsing/Handler::GetWordIndex(System.Int32,System.String)
FNDA:25,System.Int32 api.mapserv.utah.gov.Features.Geocoding.AddressParsing/Handler::GetWordIndex(System.Int32,System.String)
DA:107,25
DA:108,25
DA:109,25
DA:112,25
BRDA:108,9,0,25
BRDA:108,9,1,25
FN:115,System.Void api.mapserv.utah.gov.Features.Geocoding.AddressParsing/Handler::Replacements(System.String,api.mapserv.utah.gov.Models.AddressBase)
FNDA:66,System.Void api.mapserv.utah.gov.Features.Geocoding.AddressParsing/Handler::Replacements(System.String,api.mapserv.utah.gov.Models.AddressBase)
DA:116,66
DA:117,66
DA:118,66
DA:119,66
FN:121,System.Void api.mapserv.utah.gov.Features.Geocoding.AddressParsing/Handler::ParsePoBox(System.String,api.mapserv.utah.gov.Models.AddressBase)
FNDA:66,System.Void api.mapserv.utah.gov.Features.Geocoding.AddressParsing/Handler::ParsePoBox(System.String,api.mapserv.utah.gov.Models.AddressBase)
DA:122,66
DA:123,66
DA:124,62
DA:125,62
DA:128,4
DA:129,4
DA:131,4
DA:132,4
DA:133,4
DA:134,4
BRDA:123,29,0,62
BRDA:123,29,1,4
FN:136,System.Void api.mapserv.utah.gov.Features.Geocoding.AddressParsing/Handler::ReplaceHighway(System.String,api.mapserv.utah.gov.Models.AddressBase)
FNDA:66,System.Void api.mapserv.utah.gov.Features.Geocoding.AddressParsing/Handler::ReplaceHighway(System.String,api.mapserv.utah.gov.Models.AddressBase)
DA:137,66
DA:138,62
DA:141,4
DA:142,4
DA:143,4
BRDA:137,22,0,62
BRDA:137,22,1,4
FN:145,System.Void api.mapserv.utah.gov.Features.Geocoding.AddressParsing/Handler::ReplaceUnitTypes(System.String)
FNDA:66,System.Void api.mapserv.utah.gov.Features.Geocoding.AddressParsing/Handler::ReplaceUnitTypes(System.String)
DA:146,66
DA:149,66
DA:150,0
DA:153,0
DA:154,0
DA:155,0
DA:158,0
DA:159,0
DA:161,0
DA:164,66
DA:165,51
DA:169,15
DA:171,375
DA:173,15
DA:177,3
DA:178,0
DA:181,3
DA:182,3
DA:184,3
DA:186,3
DA:190,12
DA:191,12
DA:192,12
DA:194,12
DA:195,12
DA:196,11
DA:197,11
DA:198,11
DA:200,11
DA:202,12
BRDA:149,40,0,0
BRDA:154,81,0,0
BRDA:154,81,1,0
BRDA:149,40,1,66
BRDA:164,133,0,51
BRDA:164,133,1,15
BRDA:173,201,0,3
BRDA:177,216,0,0
BRDA:177,216,1,3
BRDA:173,201,1,12
BRDA:194,318,0,12
BRDA:194,348,0,11
BRDA:194,318,1,12
BRDA:194,348,1,12
FN:204,System.Void api.mapserv.utah.gov.Features.Geocoding.AddressParsing/Handler::ReplaceDirections(System.String)
FNDA:66,System.Void api.mapserv.utah.gov.Features.Geocoding.AddressParsing/Handler::ReplaceDirections(System.String)
DA:205,66
DA:206,66
DA:207,63
DA:214,6
DA:215,3
DA:216,3
DA:218,3
DA:220,0
DA:221,0
DA:223,3
DA:224,3
DA:226,0
DA:227,0
DA:229,0
DA:233,3
DA:235,3
BRDA:206,29,0,63
BRDA:214,175,1,3
BRDA:218,58,0,0
BRDA:218,63,0,0
BRDA:218,58,1,3
BRDA:218,75,0,0
BRDA:218,68,1,0
BRDA:218,75,1,3
BRDA:218,63,1,0
BRDA:218,80,1,0
BRDA:218,68,0,3
BRDA:218,80,0,3
BRDA:206,29,1,6
BRDA:214,175,0,3
FN:238,System.Void api.mapserv.utah.gov.Features.Geocoding.AddressParsing/Handler::ParseNumbers(System.String,api.mapserv.utah.gov.Models.AddressBase)
FNDA:62,System.Void api.mapserv.utah.gov.Features.Geocoding.AddressParsing/Handler::ParseNumbers(System.String,api.mapserv.utah.gov.Models.AddressBase)
DA:239,62
DA:240,62
DA:242,62
DA:245,62
DA:247,31
DA:248,31
DA:249,31
DA:250,31
DA:253,31
DA:257,31
DA:258,4
DA:259,4
DA:261,4
DA:263,4
DA:264,4
DA:265,4
DA:266,4
DA:267,4
DA:268,4
DA:271,4
DA:273,4
DA:277,27
DA:278,27
DA:279,27
DA:280,27
DA:284,27
DA:286,26
DA:287,26
DA:288,26
DA:290,26
DA:291,1
DA:293,1
DA:296,25
DA:299,25
DA:300,25
DA:301,4
DA:303,4
DA:305,4
DA:309,21
DA:310,21
DA:311,21
DA:312,21
DA:313,21
DA:314,21
DA:316,21
DA:317,21
DA:318,21
DA:320,21
DA:325,0
DA:327,0
DA:331,1
DA:332,1
DA:333,1
DA:335,1
DA:336,1
DA:337,1
DA:342,1
BRDA:245,81,0,31
BRDA:245,88,0,0
BRDA:245,81,1,31
BRDA:249,163,0,31
BRDA:245,88,1,31
BRDA:257,187,0,4
BRDA:263,243,0,4
BRDA:263,269,0,4
BRDA:267,343,0,4
BRDA:267,343,1,4
BRDA:257,187,1,27
BRDA:263,243,1,27
BRDA:263,269,1,27
BRDA:279,437,0,27
BRDA:279,437,1,27
BRDA:284,458,0,26
BRDA:290,516,0,1
BRDA:290,516,1,25
BRDA:300,612,0,4
BRDA:300,612,1,21
BRDA:309,650,0,21
BRDA:316,701,0,21
BRDA:309,650,1,0
BRDA:316,701,1,0
BRDA:284,458,1,1
BRDA:249,163,1,1
FN:344,System.Void api.mapserv.utah.gov.Features.Geocoding.AddressParsing/Handler::ParseStreetType(System.String,api.mapserv.utah.gov.Models.AddressBase)
FNDA:62,System.Void api.mapserv.utah.gov.Features.Geocoding.AddressParsing/Handler::ParseStreetType(System.String,api.mapserv.utah.gov.Models.AddressBase)
DA:345,62
DA:347,62
DA:349,34
DA:351,34
DA:355,30
DA:357,30
DA:359,30
DA:364,6
DA:366,6
DA:371,10
BRDA:347,32,0,28
BRDA:347,36,0,22
BRDA:347,32,1,34
BRDA:351,61,0,4
BRDA:351,61,1,30
BRDA:351,69,0,30
BRDA:347,36,1,6
BRDA:351,69,1,10
FN:373,System.Void api.mapserv.utah.gov.Features.Geocoding.AddressParsing/Handler::ParseStreetName(System.String,api.mapserv.utah.gov.Models.AddressBase)
FNDA:62,System.Void api.mapserv.utah.gov.Features.Geocoding.AddressParsing/Handler::ParseStreetName(System.String,api.mapserv.utah.gov.Models.AddressBase)
DA:374,62
DA:375,62
DA:376,22
DA:379,40
DA:380,36
DA:383,40
DA:384,0
DA:386,40
BRDA:375,14,0,22
BRDA:375,14,1,40
BRDA:379,28,0,36
BRDA:379,28,1,40
BRDA:383,49,0,0
BRDA:383,49,1,40
FN:388,api.mapserv.utah.gov.Models.Constants.StreetType api.mapserv.utah.gov.Features.Geocoding.AddressParsing/Handler::ParseStreetType(System.String)
FNDA:40,api.mapserv.utah.gov.Models.Constants.StreetType api.mapserv.utah.gov.Features.Geocoding.AddressParsing/Handler::ParseStreetType(System.String)
DA:389,40
DA:391,40
DA:392,12
DA:395,28
DA:396,645
DA:397,28
DA:398,28
DA:399,1120
DA:400,1120
DA:401,56
DA:402,28
DA:405,0
BRDA:391,32,0,12
BRDA:391,32,1,28
BRDA:395,47,0,28
BRDA:395,82,0,28
BRDA:397,118,0,1
BRDA:397,118,1,28
BRDA:395,47,1,0
BRDA:395,82,1,0
FN:410,System.Void api.mapserv.utah.gov.Features.Geocoding.AddressParsing/Handler::ParseDirections(System.String,api.mapserv.utah.gov.Models.AddressBase)
FNDA:62,System.Void api.mapserv.utah.gov.Features.Geocoding.AddressParsing/Handler::ParseDirections(System.String,api.mapserv.utah.gov.Models.AddressBase)
DA:411,62
DA:413,62
DA:415,26
DA:416,25
DA:418,25
DA:420,25
DA:421,25
DA:422,24
DA:423,24
DA:424,24
DA:425,24
DA:426,1
DA:427,1
DA:428,1
DA:431,25
DA:434,25
DA:437,26
DA:438,26
DA:441,26
DA:443,26
DA:444,26
DA:445,26
DA:446,26
DA:448,26
DA:452,26
DA:453,26
DA:454,24
DA:455,1
DA:459,23
DA:460,14
DA:461,14
DA:462,14
DA:463,14
DA:464,14
DA:466,14
DA:469,9
DA:471,9
DA:472,352
DA:473,352
DA:474,352
DA:475,9
DA:476,9
DA:477,9
DA:478,9
DA:480,9
DA:481,9
DA:484,9
DA:485,8
DA:486,8
DA:487,8
DA:488,8
DA:489,8
DA:496,12
BRDA:413,32,0,36
BRDA:413,36,0,10
BRDA:413,32,1,26
BRDA:415,61,0,25
BRDA:421,109,0,24
BRDA:422,131,0,0
BRDA:422,131,1,24
BRDA:421,109,1,1
BRDA:426,164,0,0
BRDA:426,164,1,1
BRDA:413,36,1,26
BRDA:441,259,0,26
BRDA:441,293,0,26
BRDA:444,351,0,0
BRDA:444,351,1,26
BRDA:441,259,1,26
BRDA:441,293,1,26
BRDA:453,409,0,26
BRDA:453,446,0,24
BRDA:454,477,0,1
BRDA:454,477,1,23
BRDA:459,493,0,14
BRDA:462,568,0,0
BRDA:462,568,1,14
BRDA:459,493,1,9
BRDA:471,632,0,8
BRDA:471,632,1,1
BRDA:480,719,0,9
BRDA:480,719,1,0
BRDA:484,738,0,8
BRDA:487,813,0,0
BRDA:487,813,1,8
BRDA:415,61,1,12
BRDA:453,409,1,12
BRDA:453,446,1,12
BRDA:484,738,1,12
FN:210,System.String api.mapserv.utah.gov.Features.Geocoding.AddressParsing/Handler::<ReplaceDirections>g__Replace|23_0(System.String,System.String,System.String)
FNDA:3,System.String api.mapserv.utah.gov.Features.Geocoding.AddressParsing/Handler::<ReplaceDirections>g__Replace|23_0(System.String,System.String,System.String)
DA:211,3
FN:24,System.Void api.mapserv.utah.gov.Features.Geocoding.AddressParsing/Handler::.ctor(api.mapserv.utah.gov.Cache.IRegexCache,api.mapserv.utah.gov.Cache.IAbbreviations)
FNDA:66,System.Void api.mapserv.utah.gov.Features.Geocoding.AddressParsing/Handler::.ctor(api.mapserv.utah.gov.Cache.IRegexCache,api.mapserv.utah.gov.Cache.IAbbreviations)
DA:25,66
DA:26,66
DA:27,66
DA:28,66
LF:260
LH:240
BRF:138
BRH:113
FNF:21
FNH:21
end_of_record
SF:/Users/sgourley/Projects/webapi-core/api.mapserv.utah.gov/Features/Geocoding/AddressSystemFromPlace.cs
FN:12,System.Void api.mapserv.utah.gov.Features.Geocoding.AddressSystemFromPlace/Command::.ctor(System.String)
FNDA:16,System.Void api.mapserv.utah.gov.Features.Geocoding.AddressSystemFromPlace/Command::.ctor(System.String)
DA:13,16
DA:14,16
DA:15,16
FN:25,System.Collections.Generic.IReadOnlyCollection`1<api.mapserv.utah.gov.Models.Linkables.GridLinkable> api.mapserv.utah.gov.Features.Geocoding.AddressSystemFromPlace/Handler::Handle(api.mapserv.utah.gov.Features.Geocoding.AddressSystemFromPlace/Command)
FNDA:3,System.Collections.Generic.IReadOnlyCollection`1<api.mapserv.utah.gov.Models.Linkables.GridLinkable> api.mapserv.utah.gov.Features.Geocoding.AddressSystemFromPlace/Handler::Handle(api.mapserv.utah.gov.Features.Geocoding.AddressSystemFromPlace/Command)
DA:26,3
DA:28,3
DA:29,1
DA:32,2
DA:34,2
DA:36,2
DA:38,2
BRDA:28,27,0,1
BRDA:28,27,1,2
BRDA:34,57,0,1
BRDA:34,57,1,2
FN:20,System.Void api.mapserv.utah.gov.Features.Geocoding.AddressSystemFromPlace/Handler::.ctor(api.mapserv.utah.gov.Cache.ILookupCache)
FNDA:3,System.Void api.mapserv.utah.gov.Features.Geocoding.AddressSystemFromPlace/Handler::.ctor(api.mapserv.utah.gov.Cache.ILookupCache)
DA:21,3
DA:22,3
DA:23,3
LF:13
LH:13
BRF:4
BRH:4
FNF:3
FNH:3
end_of_record
SF:/Users/sgourley/Projects/webapi-core/api.mapserv.utah.gov/Features/Geocoding/AddressSystemFromZipCode.cs
FN:13,System.Void api.mapserv.utah.gov.Features.Geocoding.AddressSystemFromZipCode/Command::.ctor(System.Nullable`1<System.Int32>)
FNDA:12,System.Void api.mapserv.utah.gov.Features.Geocoding.AddressSystemFromZipCode/Command::.ctor(System.Nullable`1<System.Int32>)
DA:14,12
DA:15,12
DA:16,11
DA:18,12
BRDA:15,13,0,11
BRDA:15,13,1,12
FN:28,System.Collections.Generic.IReadOnlyCollection`1<api.mapserv.utah.gov.Models.Linkables.GridLinkable> api.mapserv.utah.gov.Features.Geocoding.AddressSystemFromZipCode/Handler::Handle(api.mapserv.utah.gov.Features.Geocoding.AddressSystemFromZipCode/Command)
FNDA:3,System.Collections.Generic.IReadOnlyCollection`1<api.mapserv.utah.gov.Models.Linkables.GridLinkable> api.mapserv.utah.gov.Features.Geocoding.AddressSystemFromZipCode/Handler::Handle(api.mapserv.utah.gov.Features.Geocoding.AddressSystemFromZipCode/Command)
DA:29,3
DA:31,3
DA:32,1
DA:35,2
DA:37,2
DA:39,2
DA:41,2
BRDA:31,27,0,1
BRDA:31,27,1,2
BRDA:37,57,0,1
BRDA:37,57,1,2
FN:23,System.Void api.mapserv.utah.gov.Features.Geocoding.AddressSystemFromZipCode/Handler::.ctor(api.mapserv.utah.gov.Cache.ILookupCache)
FNDA:3,System.Void api.mapserv.utah.gov.Features.Geocoding.AddressSystemFromZipCode/Handler::.ctor(api.mapserv.utah.gov.Cache.ILookupCache)
DA:24,3
DA:25,3
DA:26,3
LF:14
LH:14
BRF:6
BRH:6
FNF:3
FNH:3
end_of_record
SF:/Users/sgourley/Projects/webapi-core/api.mapserv.utah.gov/Features/Geocoding/DoubleAvenuesException.cs
FN:61,System.Boolean api.mapserv.utah.gov.Features.Geocoding.DoubleAvenuesException/DoubleAvenueExceptionPipeline`2::IsOrdinal(System.String)
FNDA:19,System.Boolean api.mapserv.utah.gov.Features.Geocoding.DoubleAvenuesException/DoubleAvenueExceptionPipeline`2::IsOrdinal(System.String)
DA:62,19
DA:63,0
DA:66,19
DA:68,19
BRDA:62,6,0,0
BRDA:62,6,1,19
FN:17,System.Void api.mapserv.utah.gov.Features.Geocoding.DoubleAvenuesException/DoubleAvenueExceptionPipeline`2::.ctor(api.mapserv.utah.gov.Cache.IRegexCache)
FNDA:19,System.Void api.mapserv.utah.gov.Features.Geocoding.DoubleAvenuesException/DoubleAvenueExceptionPipeline`2::.ctor(api.mapserv.utah.gov.Cache.IRegexCache)
DA:18,19
DA:19,19
DA:20,19
FN:46,System.String api.mapserv.utah.gov.Features.Geocoding.DoubleAvenuesException/DoubleAvenueExceptionPipeline`2/<>c::<Handle>b__2_0(api.mapserv.utah.gov.Models.Linkables.GridLinkable)
FNDA:14,System.String api.mapserv.utah.gov.Features.Geocoding.DoubleAvenuesException/DoubleAvenueExceptionPipeline`2/<>c::<Handle>b__2_0(api.mapserv.utah.gov.Models.Linkables.GridLinkable)
DA:47,14
FN:22,System.Void api.mapserv.utah.gov.Features.Geocoding.DoubleAvenuesException/DoubleAvenueExceptionPipeline`2/<Handle>d__2::MoveNext()
FNDA:19,System.Void api.mapserv.utah.gov.Features.Geocoding.DoubleAvenuesException/DoubleAvenueExceptionPipeline`2/<Handle>d__2::MoveNext()
DA:23,19
DA:25,19
DA:26,19
DA:27,1
DA:29,1
DA:32,18
DA:36,18
DA:37,18
DA:38,8
DA:39,8
DA:41,8
DA:43,8
DA:48,4
DA:49,4
DA:51,4
DA:53,4
DA:56,6
DA:58,6
DA:59,19
BRDA:23,42,0,0
BRDA:23,42,1,19
BRDA:25,132,0,19
BRDA:25,146,0,19
BRDA:25,132,1,1
BRDA:25,146,1,1
BRDA:25,165,0,1
BRDA:25,165,1,18
BRDA:36,233,0,17
BRDA:36,233,1,14
BRDA:36,266,0,14
BRDA:36,288,0,7
BRDA:36,266,1,8
BRDA:36,315,0,8
BRDA:36,288,1,10
BRDA:36,315,1,10
BRDA:47,364,0,1
BRDA:47,364,1,10
BRDA:47,404,0,4
BRDA:47,404,1,6
LF:27
LH:26
BRF:22
BRH:20
FNF:4
FNH:4
end_of_record
SF:/Users/sgourley/Projects/webapi-core/api.mapserv.utah.gov/Features/Geocoding/FilterCandidates.cs
FN:32,api.mapserv.utah.gov.Models.RequestOptions.GeocodingOptions api.mapserv.utah.gov.Features.Geocoding.FilterCandidates/Command::get_GeocodeOptions()
FNDA:35,api.mapserv.utah.gov.Models.RequestOptions.GeocodingOptions api.mapserv.utah.gov.Features.Geocoding.FilterCandidates/Command::get_GeocodeOptions()
DA:33,35
FN:33,System.String api.mapserv.utah.gov.Features.Geocoding.FilterCandidates/Command::get_Street()
FNDA:14,System.String api.mapserv.utah.gov.Features.Geocoding.FilterCandidates/Command::get_Street()
DA:34,14
FN:34,System.String api.mapserv.utah.gov.Features.Geocoding.FilterCandidates/Command::get_Zone()
FNDA:11,System.String api.mapserv.utah.gov.Features.Geocoding.FilterCandidates/Command::get_Zone()
DA:35,11
FN:35,api.mapserv.utah.gov.Models.GeocodeAddress api.mapserv.utah.gov.Features.Geocoding.FilterCandidates/Command::get_GeocodedAddress()
FNDA:18,api.mapserv.utah.gov.Models.GeocodeAddress api.mapserv.utah.gov.Features.Geocoding.FilterCandidates/Command::get_GeocodedAddress()
DA:36,18
FN:36,System.Collections.Generic.IList`1<api.mapserv.utah.gov.Models.ArcGis.Candidate> api.mapserv.utah.gov.Features.Geocoding.FilterCandidates/Command::get_Candidates()
FNDA:20,System.Collections.Generic.IList`1<api.mapserv.utah.gov.Models.ArcGis.Candidate> api.mapserv.utah.gov.Features.Geocoding.FilterCandidates/Command::get_Candidates()
DA:37,20
FN:14,System.Void api.mapserv.utah.gov.Features.Geocoding.FilterCandidates/Command::.ctor(System.Collections.Generic.IList`1<api.mapserv.utah.gov.Models.ArcGis.Candidate>,api.mapserv.utah.gov.Models.RequestOptions.GeocodingOptions,System.String,System.String,api.mapserv.utah.gov.Models.GeocodeAddress)
FNDA:6,System.Void api.mapserv.utah.gov.Features.Geocoding.FilterCandidates/Command::.ctor(System.Collections.Generic.IList`1<api.mapserv.utah.gov.Models.ArcGis.Candidate>,api.mapserv.utah.gov.Models.RequestOptions.GeocodingOptions,System.String,System.String,api.mapserv.utah.gov.Models.GeocodeAddress)
DA:15,6
DA:16,6
DA:17,6
DA:18,6
DA:19,6
DA:20,6
DA:22,6
DA:23,1
DA:26,30
DA:27,9
DA:30,6
DA:31,6
BRDA:22,37,0,1
BRDA:22,37,1,6
BRDA:26,83,1,9
BRDA:26,83,0,6
FN:41,api.mapserv.utah.gov.Models.ResponseObjects.GeocodeAddressApiResponse api.mapserv.utah.gov.Features.Geocoding.FilterCandidates/Handler::Handle(api.mapserv.utah.gov.Features.Geocoding.FilterCandidates/Command)
FNDA:6,api.mapserv.utah.gov.Models.ResponseObjects.GeocodeAddressApiResponse api.mapserv.utah.gov.Features.Geocoding.FilterCandidates/Handler::Handle(api.mapserv.utah.gov.Features.Geocoding.FilterCandidates/Command)
DA:42,6
DA:43,2
DA:44,2
DA:46,2
DA:47,2
DA:48,2
DA:49,2
DA:52,4
DA:53,4
DA:56,9
DA:57,9
DA:58,9
DA:59,12
DA:60,9
DA:61,4
DA:63,4
DA:66,4
DA:67,2
DA:70,4
DA:71,2
DA:73,1
DA:76,1
DA:79,2
DA:82,4
DA:83,1
DA:85,1
DA:88,3
DA:89,5
DA:90,3
DA:91,3
DA:93,3
DA:94,3
DA:96,3
DA:97,3
DA:100,3
BRDA:42,24,0,6
BRDA:42,24,1,2
BRDA:42,42,0,2
BRDA:42,42,1,4
BRDA:56,206,0,1
BRDA:56,206,1,7
BRDA:66,249,0,2
BRDA:66,274,0,2
BRDA:66,249,1,4
BRDA:66,274,1,4
BRDA:70,300,0,2
BRDA:71,318,0,1
BRDA:71,327,0,1
BRDA:71,318,1,2
BRDA:71,327,1,2
BRDA:70,300,1,4
BRDA:82,374,0,1
BRDA:82,392,0,1
BRDA:82,374,1,3
BRDA:82,392,1,3
BRDA:96,536,0,3
BRDA:96,536,1,3
LF:52
LH:52
BRF:34
BRH:32
FNF:7
FNH:7
end_of_record
SF:/Users/sgourley/Projects/webapi-core/api.mapserv.utah.gov/Features/Geocoding/Geocode.cs
FN:19,System.Void api.mapserv.utah.gov.Features.Geocoding.Geocode/Command::.ctor(api.mapserv.utah.gov.Models.LocatorProperties)
FNDA:0,System.Void api.mapserv.utah.gov.Features.Geocoding.Geocode/Command::.ctor(api.mapserv.utah.gov.Models.LocatorProperties)
DA:20,0
DA:21,0
DA:22,0
FN:53,System.Collections.Generic.IReadOnlyCollection`1<api.mapserv.utah.gov.Models.ArcGis.Candidate> api.mapserv.utah.gov.Features.Geocoding.Geocode/Handler::ProcessResult(api.mapserv.utah.gov.Models.LocatorResponse,api.mapserv.utah.gov.Models.LocatorProperties)
FNDA:0,System.Collections.Generic.IReadOnlyCollection`1<api.mapserv.utah.gov.Models.ArcGis.Candidate> api.mapserv.utah.gov.Features.Geocoding.Geocode/Handler::ProcessResult(api.mapserv.utah.gov.Models.LocatorResponse,api.mapserv.utah.gov.Models.LocatorProperties)
DA:54,0
DA:55,0
DA:57,0
DA:60,0
DA:62,0
DA:63,0
DA:66,0
DA:67,0
DA:68,0
DA:69,0
DA:72,0
BRDA:54,6,0,0
BRDA:54,24,0,0
BRDA:54,6,1,0
BRDA:54,24,1,0
BRDA:62,83,0,0
BRDA:62,83,1,0
BRDA:66,150,1,0
BRDA:66,150,0,0
FN:75,System.String api.mapserv.utah.gov.Features.Geocoding.Geocode/Handler::ParseAddressGrid(System.String)
FNDA:0,System.String api.mapserv.utah.gov.Features.Geocoding.Geocode/Handler::ParseAddressGrid(System.String)
DA:76,0
DA:77,0
DA:80,0
DA:82,0
BRDA:76,11,0,0
BRDA:76,11,1,0
FN:28,System.Void api.mapserv.utah.gov.Features.Geocoding.Geocode/Handler::.ctor(System.Net.Http.IHttpClientFactory)
FNDA:0,System.Void api.mapserv.utah.gov.Features.Geocoding.Geocode/Handler::.ctor(System.Net.Http.IHttpClientFactory)
DA:29,0
DA:30,0
DA:31,0
DA:32,0
DA:33,0
DA:34,0
FN:36,System.Void api.mapserv.utah.gov.Features.Geocoding.Geocode/Handler/<Handle>d__3::MoveNext()
FNDA:0,System.Void api.mapserv.utah.gov.Features.Geocoding.Geocode/Handler/<Handle>d__3::MoveNext()
DA:37,0
DA:40,0
DA:43,0
DA:45,0
DA:46,0
DA:47,0
DA:48,0
DA:49,0
DA:51,0
BRDA:40,105,0,0
BRDA:40,105,1,0
BRDA:40,193,0,0
BRDA:43,237,0,0
BRDA:40,193,1,0
BRDA:43,237,1,0
BRDA:46,359,0,0
BRDA:47,415,0,0
BRDA:47,415,1,0
BRDA:49,542,0,0
BRDA:49,542,1,0
BRDA:46,359,1,0
LF:33
LH:0
BRF:22
BRH:0
FNF:5
FNH:0
end_of_record
SF:/Users/sgourley/Projects/webapi-core/api.mapserv.utah.gov/Features/Geocoding/GeocodeAddressController.cs
FN:147,System.Threading.Tasks.Task`1<System.Collections.Generic.IReadOnlyCollection`1<api.mapserv.utah.gov.Models.ArcGis.Candidate>> api.mapserv.utah.gov.Features.Geocoding.GeocodeAddressController::<Get>b__2_0(api.mapserv.utah.gov.Models.LocatorProperties)
FNDA:0,System.Threading.Tasks.Task`1<System.Collections.Generic.IReadOnlyCollection`1<api.mapserv.utah.gov.Models.ArcGis.Candidate>> api.mapserv.utah.gov.Features.Geocoding.GeocodeAddressController::<Get>b__2_0(api.mapserv.utah.gov.Models.LocatorProperties)
DA:148,0
FN:33,System.Void api.mapserv.utah.gov.Features.Geocoding.GeocodeAddressController::.ctor(MediatR.IMediator)
FNDA:0,System.Void api.mapserv.utah.gov.Features.Geocoding.GeocodeAddressController::.ctor(MediatR.IMediator)
DA:34,0
DA:35,0
DA:36,0
FN:149,System.Collections.Generic.IEnumerable`1<api.mapserv.utah.gov.Models.ArcGis.Candidate> api.mapserv.utah.gov.Features.Geocoding.GeocodeAddressController/<>c::<Get>b__2_1(System.Collections.Generic.IReadOnlyCollection`1<api.mapserv.utah.gov.Models.ArcGis.Candidate>)
[...]
BRDA:78,476,1,0
BRDA:80,563,0,0
BRDA:80,563,1,0
BRDA:80,577,0,0
BRDA:80,577,1,0
BRDA:88,620,0,0
BRDA:88,620,1,0
LF:44
LH:28
BRF:18
BRH:8
FNF:3
FNH:3
end_of_record
SF:/Users/sgourley/Projects/webapi-core/api.mapserv.utah.gov/Features/Geocoding/ZoneParsing.cs
FN:20,System.String api.mapserv.utah.gov.Features.Geocoding.ZoneParsing/Command::get_InputZone()
FNDA:223,System.String api.mapserv.utah.gov.Features.Geocoding.ZoneParsing/Command::get_InputZone()
DA:21,223
FN:21,api.mapserv.utah.gov.Models.GeocodeAddress api.mapserv.utah.gov.Features.Geocoding.ZoneParsing/Command::get_AddressModel()
FNDA:97,api.mapserv.utah.gov.Models.GeocodeAddress api.mapserv.utah.gov.Features.Geocoding.ZoneParsing/Command::get_AddressModel()
DA:22,97
FN:15,System.Void api.mapserv.utah.gov.Features.Geocoding.ZoneParsing/Command::.ctor(System.String,api.mapserv.utah.gov.Models.GeocodeAddress)
FNDA:25,System.Void api.mapserv.utah.gov.Features.Geocoding.ZoneParsing/Command::.ctor(System.String,api.mapserv.utah.gov.Models.GeocodeAddress)
DA:16,25
DA:17,25
DA:18,25
DA:19,25
FN:28,System.Void api.mapserv.utah.gov.Features.Geocoding.ZoneParsing/Handler::.ctor(api.mapserv.utah.gov.Cache.IRegexCache,MediatR.IMediator)
FNDA:25,System.Void api.mapserv.utah.gov.Features.Geocoding.ZoneParsing/Handler::.ctor(api.mapserv.utah.gov.Cache.IRegexCache,MediatR.IMediator)
DA:29,25
DA:30,25
DA:31,25
DA:32,25
FN:34,System.Void api.mapserv.utah.gov.Features.Geocoding.ZoneParsing/Handler/<Handle>d__3::MoveNext()
FNDA:25,System.Void api.mapserv.utah.gov.Features.Geocoding.ZoneParsing/Handler/<Handle>d__3::MoveNext()
DA:35,25
DA:37,25
DA:38,1
DA:40,1
DA:43,24
DA:44,24
DA:46,24
DA:47,9
DA:48,9
DA:49,9
DA:51,9
DA:53,9
DA:54,9
DA:56,9
DA:59,9
DA:60,2
DA:62,2
DA:64,2
DA:67,9
DA:70,15
DA:72,15
DA:73,13
DA:75,13
DA:76,13
DA:77,13
DA:79,13
DA:81,13
DA:82,13
DA:84,13
DA:87,2
DA:88,2
DA:90,2
DA:93,2
DA:94,25
BRDA:35,22,0,25
BRDA:37,64,0,1
BRDA:37,64,1,24
BRDA:46,190,0,9
BRDA:47,217,0,9
BRDA:56,359,0,0
BRDA:56,359,1,9
BRDA:47,217,1,9
BRDA:59,477,0,2
BRDA:59,477,1,9
BRDA:46,190,1,15
BRDA:72,594,0,13
BRDA:82,760,0,0
BRDA:35,22,1,0
BRDA:82,760,1,13
BRDA:72,594,1,2
BRDA:87,886,0,2
BRDA:87,886,1,2
LF:44
LH:44
BRF:18
BRH:15
FNF:5
FNH:5
end_of_record
SF:/Users/sgourley/Projects/webapi-core/api.mapserv.utah.gov/Features/Converting/EsriGraphic.cs
FN:14,System.Void api.mapserv.utah.gov.Features.Converting.EsriGraphic/Command::.ctor(api.mapserv.utah.gov.Models.ApiResponses.ApiResponseContainer`1<api.mapserv.utah.gov.Models.ResponseObjects.GeocodeAddressApiResponse>)
FNDA:2,System.Void api.mapserv.utah.gov.Features.Converting.EsriGraphic/Command::.ctor(api.mapserv.utah.gov.Models.ApiResponses.ApiResponseContainer`1<api.mapserv.utah.gov.Models.ResponseObjects.GeocodeAddressApiResponse>)
DA:15,2
DA:16,2
DA:17,2
FN:21,api.mapserv.utah.gov.Models.ApiResponses.ApiResponseContainer`1<EsriJson.Net.Graphic> api.mapserv.utah.gov.Features.Converting.EsriGraphic/Handler::Handle(api.mapserv.utah.gov.Features.Converting.EsriGraphic/Command)
FNDA:2,api.mapserv.utah.gov.Models.ApiResponses.ApiResponseContainer`1<EsriJson.Net.Graphic> api.mapserv.utah.gov.Features.Converting.EsriGraphic/Handler::Handle(api.mapserv.utah.gov.Features.Converting.EsriGraphic/Command)
DA:22,2
DA:23,2
DA:24,2
DA:25,2
DA:26,2
DA:28,2
DA:29,1
DA:30,1
DA:31,1
DA:32,1
DA:33,1
DA:35,1
DA:36,1
DA:39,2
DA:40,1
DA:41,1
DA:42,1
DA:43,1
DA:46,1
DA:47,1
DA:48,21
DA:50,1
DA:51,1
DA:52,1
DA:53,1
DA:54,1
DA:56,1
BRDA:28,47,0,1
BRDA:28,47,1,1
BRDA:28,59,0,1
BRDA:28,59,1,2
BRDA:39,138,0,1
BRDA:39,147,0,1
BRDA:39,138,1,1
BRDA:39,147,1,1
BRDA:46,177,0,1
BRDA:46,177,1,1
BRDA:46,213,0,1
BRDA:46,213,1,1
BRDA:46,244,0,1
BRDA:46,244,1,1
LF:30
LH:30
BRF:14
BRH:14
FNF:2
FNH:2
end_of_record
SF:/Users/sgourley/Projects/webapi-core/api.mapserv.utah.gov/Features/Converting/GeoJsonFeature.cs
FN:15,System.Void api.mapserv.utah.gov.Features.Converting.GeoJsonFeature/Command::.ctor(api.mapserv.utah.gov.Models.ApiResponses.ApiResponseContainer`1<api.mapserv.utah.gov.Models.ResponseObjects.GeocodeAddressApiResponse>)
FNDA:2,System.Void api.mapserv.utah.gov.Features.Converting.GeoJsonFeature/Command::.ctor(api.mapserv.utah.gov.Models.ApiResponses.ApiResponseContainer`1<api.mapserv.utah.gov.Models.ResponseObjects.GeocodeAddressApiResponse>)
DA:16,2
DA:17,2
DA:18,2
FN:22,api.mapserv.utah.gov.Models.ApiResponses.ApiResponseContainer`1<GeoJSON.Net.Feature.Feature> api.mapserv.utah.gov.Features.Converting.GeoJsonFeature/Handler::Handle(api.mapserv.utah.gov.Features.Converting.GeoJsonFeature/Command)
FNDA:2,api.mapserv.utah.gov.Models.ApiResponses.ApiResponseContainer`1<GeoJSON.Net.Feature.Feature> api.mapserv.utah.gov.Features.Converting.GeoJsonFeature/Handler::Handle(api.mapserv.utah.gov.Features.Converting.GeoJsonFeature/Command)
DA:23,2
DA:24,2
DA:25,2
DA:26,2
DA:27,2
DA:29,2
DA:30,1
DA:32,1
DA:33,1
DA:36,2
DA:37,1
DA:38,1
DA:39,1
DA:40,1
DA:43,1
DA:44,1
DA:45,21
DA:47,1
DA:48,1
DA:49,1
DA:50,1
DA:51,1
DA:53,1
BRDA:29,47,0,1
BRDA:29,47,1,1
BRDA:29,59,0,1
BRDA:29,59,1,2
BRDA:36,129,0,1
BRDA:36,138,0,1
BRDA:36,129,1,1
BRDA:36,138,1,1
BRDA:43,168,0,1
BRDA:43,168,1,1
BRDA:43,204,0,1
BRDA:43,204,1,1
BRDA:43,235,0,1
BRDA:43,235,1,1
LF:26
LH:26
BRF:14
BRH:14
FNF:2
FNH:2
end_of_record
SF:/Users/sgourley/Projects/webapi-core/api.mapserv.utah.gov/Extensions/CandidateExtension.cs
FN:7,api.mapserv.utah.gov.Models.ResponseObjects.GeocodeAddressApiResponse api.mapserv.utah.gov.Extensions.ConversionExtensions::ToResponseObject(api.mapserv.utah.gov.Models.ArcGis.Candidate,System.String,System.String)
FNDA:3,api.mapserv.utah.gov.Models.ResponseObjects.GeocodeAddressApiResponse api.mapserv.utah.gov.Extensions.ConversionExtensions::ToResponseObject(api.mapserv.utah.gov.Models.ArcGis.Candidate,System.String,System.String)
DA:8,3
DA:9,3
DA:10,3
DA:11,3
DA:12,3
DA:13,3
DA:14,3
DA:15,3
DA:16,3
FN:18,api.mapserv.utah.gov.Models.ResponseObjects.ReverseGeocodeApiResponse api.mapserv.utah.gov.Extensions.ConversionExtensions::ToResponseObject(api.mapserv.utah.gov.Models.ArcGis.ReverseGeocodeRestResponse,api.mapserv.utah.gov.Models.Point)
FNDA:0,api.mapserv.utah.gov.Models.ResponseObjects.ReverseGeocodeApiResponse api.mapserv.utah.gov.Extensions.ConversionExtensions::ToResponseObject(api.mapserv.utah.gov.Models.ArcGis.ReverseGeocodeRestResponse,api.mapserv.utah.gov.Models.Point)
DA:19,0
DA:20,0
DA:21,0
DA:22,0
DA:23,0
DA:24,0
LF:15
LH:9
BRF:0
BRH:0
FNF:2
FNH:1
end_of_record
SF:/Users/sgourley/Projects/webapi-core/api.mapserv.utah.gov/Extensions/MvcOptionsExtensions.cs
FN:6,System.Void api.mapserv.utah.gov.Extensions.MvcOptionsExtensions::AddApiResponseFormatters(Microsoft.AspNetCore.Mvc.MvcOptions)
FNDA:0,System.Void api.mapserv.utah.gov.Extensions.MvcOptionsExtensions::AddApiResponseFormatters(Microsoft.AspNetCore.Mvc.MvcOptions)
DA:7,0
LF:1
LH:0
BRF:0
BRH:0
FNF:1
FNH:0
end_of_record
SF:/Users/sgourley/Projects/webapi-core/api.mapserv.utah.gov/Extensions/ServiceCollectionExtensions.cs
FN:17,System.Void api.mapserv.utah.gov.Extensions.ServiceCollectionExtensions::UseOptions(Microsoft.Extensions.DependencyInjection.IServiceCollection,Microsoft.Extensions.Configuration.IConfiguration)
FNDA:0,System.Void api.mapserv.utah.gov.Extensions.ServiceCollectionExtensions::UseOptions(Microsoft.Extensions.DependencyInjection.IServiceCollection,Microsoft.Extensions.Configuration.IConfiguration)
DA:18,0
DA:19,0
DA:20,0
DA:21,0
FN:23,System.Void api.mapserv.utah.gov.Extensions.ServiceCollectionExtensions::UseDi(Microsoft.Extensions.DependencyInjection.IServiceCollection)
FNDA:0,System.Void api.mapserv.utah.gov.Extensions.ServiceCollectionExtensions::UseDi(Microsoft.Extensions.DependencyInjection.IServiceCollection)
DA:24,0
DA:25,0
DA:26,0
DA:27,0
DA:28,0
DA:29,0
DA:30,0
DA:31,0
DA:32,0
DA:34,0
DA:35,0
DA:36,0
DA:37,0
DA:38,0
DA:39,0
DA:40,0
DA:41,0
DA:42,0
DA:43,0
BRDA:24,12,0,0
BRDA:24,12,1,0
BRDA:24,48,0,0
BRDA:24,48,1,0
LF:23
LH:0
BRF:6
BRH:0
FNF:2
FNH:0
end_of_record
SF:/Users/sgourley/Projects/webapi-core/api.mapserv.utah.gov/Exceptions/CommandValidationException.cs
FN:5,System.Void api.mapserv.utah.gov.Exceptions.CommandValidationException::.ctor(System.String)
FNDA:0,System.Void api.mapserv.utah.gov.Exceptions.CommandValidationException::.ctor(System.String)
DA:6,0
DA:7,0
LF:2
LH:0
BRF:0
BRH:0
FNF:1
FNH:0
end_of_record
SF:/Users/sgourley/Projects/webapi-core/api.mapserv.utah.gov/Exceptions/GeocodingException.cs
FN:5,System.Void api.mapserv.utah.gov.Exceptions.GeocodingException::.ctor(System.String,System.Exception)
FNDA:0,System.Void api.mapserv.utah.gov.Exceptions.GeocodingException::.ctor(System.String,System.Exception)
DA:6,0
DA:7,0
FN:9,System.Void api.mapserv.utah.gov.Exceptions.GeocodingException::.ctor(System.String)
FNDA:0,System.Void api.mapserv.utah.gov.Exceptions.GeocodingException::.ctor(System.String)
DA:10,0
DA:11,0
LF:4
LH:0
BRF:0
BRH:0
FNF:2
FNH:0
end_of_record
SF:/Users/sgourley/Projects/webapi-core/api.mapserv.utah.gov/Comparers/CandidateComparer.cs
FN:20,System.Int32 api.mapserv.utah.gov.Comparers.CandidateComparer::Compare(api.mapserv.utah.gov.Models.ArcGis.Candidate,api.mapserv.utah.gov.Models.ArcGis.Candidate)
FNDA:45,System.Int32 api.mapserv.utah.gov.Comparers.CandidateComparer::Compare(api.mapserv.utah.gov.Models.ArcGis.Candidate,api.mapserv.utah.gov.Models.ArcGis.Candidate)
DA:21,45
DA:22,1
DA:25,44
DA:26,1
DA:29,43
DA:30,1
DA:33,42
DA:35,42
DA:36,3
DA:39,39
DA:41,39
DA:42,25
DA:45,14
DA:46,14
DA:48,14
BRDA:21,1,0,2
BRDA:21,4,0,1
BRDA:21,1,1,44
BRDA:21,4,1,44
BRDA:25,9,0,1
BRDA:25,9,1,43
BRDA:29,14,0,1
BRDA:29,14,1,42
BRDA:35,41,0,3
BRDA:35,41,1,39
BRDA:41,68,0,25
BRDA:41,68,1,14
FN:15,System.Void api.mapserv.utah.gov.Comparers.CandidateComparer::.ctor(System.String)
FNDA:8,System.Void api.mapserv.utah.gov.Comparers.CandidateComparer::.ctor(System.String)
DA:16,8
DA:17,8
DA:18,8
LF:18
LH:18
BRF:12
BRH:12
FNF:2
FNH:2
end_of_record
SF:/Users/sgourley/Projects/webapi-core/api.mapserv.utah.gov/Comparers/StreetTypeAbbreviationComparer.cs
FN:4,System.Boolean api.mapserv.utah.gov.Comparers.StreetTypeAbbreviationComparer::Equals(System.String,System.String)
FNDA:1473,System.Boolean api.mapserv.utah.gov.Comparers.StreetTypeAbbreviationComparer::Equals(System.String,System.String)
DA:5,1473
BRDA:5,12,0,456
BRDA:5,12,1,1017
FN:6,System.Int32 api.mapserv.utah.gov.Comparers.StreetTypeAbbreviationComparer::GetHashCode(System.String)
FNDA:0,System.Int32 api.mapserv.utah.gov.Comparers.StreetTypeAbbreviationComparer::GetHashCode(System.String)
DA:7,0
LF:2
LH:1
BRF:2
BRH:2
FNF:2
FNH:1
end_of_record
SF:/Users/sgourley/Projects/webapi-core/api.mapserv.utah.gov/Cache/Abbreviations.cs
FN:7,System.Collections.Generic.Dictionary`2<api.mapserv.utah.gov.Models.Constants.StreetType,System.String> api.mapserv.utah.gov.Cache.Abbreviations::get_StreetTypeAbbreviations()
FNDA:275,System.Collections.Generic.Dictionary`2<api.mapserv.utah.gov.Models.Constants.StreetType,System.String> api.mapserv.utah.gov.Cache.Abbreviations::get_StreetTypeAbbreviations()
DA:8,275
DA:9,275
DA:10,275
DA:11,275
DA:12,275
DA:13,275
DA:14,275
DA:15,275
DA:16,275
DA:17,275
DA:18,275
DA:19,275
DA:20,275
DA:21,275
DA:22,275
DA:23,275
DA:24,275
DA:25,275
DA:26,275
DA:27,275
DA:28,275
DA:29,275
DA:30,275
DA:31,275
DA:32,275
DA:33,275
DA:34,275
DA:35,275
DA:36,275
DA:37,275
DA:38,275
DA:39,275
DA:40,275
DA:41,275
DA:42,275
DA:43,275
DA:44,275
DA:45,275
DA:46,275
DA:47,275
DA:48,275
DA:49,275
DA:50,275
DA:51,275
DA:52,275
DA:53,275
DA:54,275
DA:55,275
DA:56,275
DA:57,275
DA:58,275
DA:59,275
DA:60,275
DA:61,275
DA:62,275
DA:63,275
DA:64,275
DA:65,275
DA:66,275
DA:67,275
DA:68,275
DA:69,275
DA:70,275
DA:71,275
DA:72,275
DA:73,275
DA:74,275
DA:75,275
DA:76,275
DA:77,275
DA:78,275
DA:79,275
DA:80,275
DA:81,275
DA:82,275
DA:83,275
DA:84,275
DA:85,275
DA:86,275
DA:87,275
DA:88,275
FN:89,System.Collections.Generic.List`1<System.Tuple`3<System.String,System.String,System.Boolean>> api.mapserv.utah.gov.Cache.Abbreviations::get_UnitAbbreviations()
FNDA:197,System.Collections.Generic.List`1<System.Tuple`3<System.String,System.String,System.Boolean>> api.mapserv.utah.gov.Cache.Abbreviations::get_UnitAbbreviations()
DA:90,197
DA:91,197
DA:92,197
DA:93,197
DA:94,197
DA:95,197
DA:96,197
DA:97,197
DA:98,197
DA:99,197
DA:100,197
DA:101,197
DA:102,197
DA:103,197
DA:104,197
DA:105,197
DA:106,197
DA:107,197
DA:108,197
DA:109,197
DA:110,197
DA:111,197
DA:112,197
DA:113,197
DA:114,197
DA:115,197
DA:116,197
DA:117,197
DA:118,197
DA:119,197
DA:120,197
DA:121,197
DA:122,197
DA:123,197
DA:124,197
DA:125,197
DA:126,197
DA:127,197
DA:128,197
DA:129,197
DA:130,197
DA:131,197
DA:132,197
DA:133,197
DA:134,197
DA:135,197
DA:136,197
DA:137,197
DA:138,197
DA:139,197
LF:131
LH:131
BRF:0
BRH:0
FNF:2
FNH:2
end_of_record
SF:/Users/sgourley/Projects/webapi-core/api.mapserv.utah.gov/Cache/LookupCache.cs
FN:12,api.mapserv.utah.gov.Cache.ICacheRepository api.mapserv.utah.gov.Cache.LookupCache::get_Repo()
FNDA:0,api.mapserv.utah.gov.Cache.ICacheRepository api.mapserv.utah.gov.Cache.LookupCache::get_Repo()
DA:13,0
FN:13,System.Collections.Generic.IDictionary`2<System.String,System.Collections.Generic.List`1<api.mapserv.utah.gov.Models.Linkables.GridLinkable>> api.mapserv.utah.gov.Cache.LookupCache::get_PlaceGrids()
FNDA:0,System.Collections.Generic.IDictionary`2<System.String,System.Collections.Generic.List`1<api.mapserv.utah.gov.Models.Linkables.GridLinkable>> api.mapserv.utah.gov.Cache.LookupCache::get_PlaceGrids()
DA:14,0
FN:14,System.Collections.Generic.IDictionary`2<System.String,System.Collections.Generic.List`1<api.mapserv.utah.gov.Models.Linkables.GridLinkable>> api.mapserv.utah.gov.Cache.LookupCache::get_ZipCodesGrids()
FNDA:0,System.Collections.Generic.IDictionary`2<System.String,System.Collections.Generic.List`1<api.mapserv.utah.gov.Models.Linkables.GridLinkable>> api.mapserv.utah.gov.Cache.LookupCache::get_ZipCodesGrids()
DA:15,0
FN:15,System.Collections.Generic.IDictionary`2<System.String,System.Collections.Generic.List`1<api.mapserv.utah.gov.Models.Linkables.GridLinkable>> api.mapserv.utah.gov.Cache.LookupCache::get_UspsDeliveryPoints()
FNDA:0,System.Collections.Generic.IDictionary`2<System.String,System.Collections.Generic.List`1<api.mapserv.utah.gov.Models.Linkables.GridLinkable>> api.mapserv.utah.gov.Cache.LookupCache::get_UspsDeliveryPoints()
DA:16,0
FN:16,System.Collections.Generic.IDictionary`2<System.Int32,api.mapserv.utah.gov.Models.PoBoxAddress> api.mapserv.utah.gov.Cache.LookupCache::get_PoBoxes()
FNDA:0,System.Collections.Generic.IDictionary`2<System.Int32,api.mapserv.utah.gov.Models.PoBoxAddress> api.mapserv.utah.gov.Cache.LookupCache::get_PoBoxes()
DA:17,0
FN:17,System.Collections.Generic.IReadOnlyCollection`1<System.Int32> api.mapserv.utah.gov.Cache.LookupCache::get_PoBoxZipCodesWithExclusions()
FNDA:0,System.Collections.Generic.IReadOnlyCollection`1<System.Int32> api.mapserv.utah.gov.Cache.LookupCache::get_PoBoxZipCodesWithExclusions()
DA:18,0
FN:18,System.Collections.Generic.IDictionary`2<System.Int32,api.mapserv.utah.gov.Models.PoBoxAddressCorrection> api.mapserv.utah.gov.Cache.LookupCache::get_PoBoxExclusions()
FNDA:0,System.Collections.Generic.IDictionary`2<System.Int32,api.mapserv.utah.gov.Models.PoBoxAddressCorrection> api.mapserv.utah.gov.Cache.LookupCache::get_PoBoxExclusions()
DA:19,0
FN:34,System.Collections.Generic.Dictionary`2<System.String,System.Collections.Generic.List`1<api.mapserv.utah.gov.Models.Linkables.GridLinkable>> api.mapserv.utah.gov.Cache.LookupCache::BuildGridLinkableLookup(System.Collections.Generic.IEnumerable`1<api.mapserv.utah.gov.Models.Linkables.GridLinkable>)
FNDA:0,System.Collections.Generic.Dictionary`2<System.String,System.Collections.Generic.List`1<api.mapserv.utah.gov.Models.Linkables.GridLinkable>> api.mapserv.utah.gov.Cache.LookupCache::BuildGridLinkableLookup(System.Collections.Generic.IEnumerable`1<api.mapserv.utah.gov.Models.Linkables.GridLinkable>)
DA:35,0
DA:37,0
DA:38,0
DA:39,0
DA:40,0
DA:43,0
DA:46,0
BRDA:37,86,1,0
BRDA:38,34,0,0
BRDA:38,34,1,0
BRDA:37,86,0,0
FN:8,System.Void api.mapserv.utah.gov.Cache.LookupCache::.ctor(api.mapserv.utah.gov.Cache.ICacheRepository)
FNDA:0,System.Void api.mapserv.utah.gov.Cache.LookupCache::.ctor(api.mapserv.utah.gov.Cache.ICacheRepository)
DA:9,0
DA:10,0
DA:11,0
FN:28,System.Int32 api.mapserv.utah.gov.Cache.LookupCache/<>c::<InitializeAsync>b__28_0(api.mapserv.utah.gov.Models.PoBoxAddressCorrection)
FNDA:0,System.Int32 api.mapserv.utah.gov.Cache.LookupCache/<>c::<InitializeAsync>b__28_0(api.mapserv.utah.gov.Models.PoBoxAddressCorrection)
DA:29,0
FN:29,System.Int32 api.mapserv.utah.gov.Cache.LookupCache/<>c::<InitializeAsync>b__28_1(api.mapserv.utah.gov.Models.PoBoxAddressCorrection)
FNDA:0,System.Int32 api.mapserv.utah.gov.Cache.LookupCache/<>c::<InitializeAsync>b__28_1(api.mapserv.utah.gov.Models.PoBoxAddressCorrection)
DA:30,0
FN:21,System.Void api.mapserv.utah.gov.Cache.LookupCache/<InitializeAsync>d__28::MoveNext()
FNDA:0,System.Void api.mapserv.utah.gov.Cache.LookupCache/<InitializeAsync>d__28::MoveNext()
DA:22,0
DA:23,0
DA:24,0
DA:25,0
DA:27,0
DA:28,0
DA:31,0
BRDA:22,65,0,0
BRDA:22,65,1,0
BRDA:23,179,0,0
BRDA:23,179,1,0
BRDA:24,293,0,0
BRDA:24,293,1,0
BRDA:25,407,0,0
BRDA:25,407,1,0
BRDA:27,516,0,0
BRDA:27,516,1,0
BRDA:29,610,0,0
BRDA:29,610,1,0
BRDA:30,663,0,0
BRDA:30,663,1,0
BRDA:30,694,0,0
BRDA:30,694,1,0
LF:26
LH:0
BRF:20
BRH:0
FNF:12
FNH:0
end_of_record
SF:/Users/sgourley/Projects/webapi-core/api.mapserv.utah.gov/Cache/RegexCache.cs
FN:62,System.Text.RegularExpressions.Regex api.mapserv.utah.gov.Cache.RegexCache::Get(System.String)
FNDA:685,System.Text.RegularExpressions.Regex api.mapserv.utah.gov.Cache.RegexCache::Get(System.String)
DA:63,685
FN:65,System.String api.mapserv.utah.gov.Cache.RegexCache::BuildUnitTypeRegularExpression()
FNDA:182,System.String api.mapserv.utah.gov.Cache.RegexCache::BuildUnitTypeRegularExpression()
DA:66,182
DA:68,9100
DA:69,4368
DA:70,4368
DA:71,4368
DA:72,4368
DA:74,4368
DA:77,182
BRDA:68,97,1,4368
BRDA:68,97,0,182
FN:80,System.Text.RegularExpressions.Regex api.mapserv.utah.gov.Cache.RegexCache::BuildStreetTypeRegularExpression()
FNDA:91,System.Text.RegularExpressions.Regex api.mapserv.utah.gov.Cache.RegexCache::BuildStreetTypeRegularExpression()
DA:81,91
DA:83,91
DA:84,7280
DA:85,3549
DA:86,3549
DA:88,3549
DA:92,91
DA:93,91
BRDA:83,17,0,91
BRDA:84,132,1,3549
BRDA:84,132,0,91
BRDA:83,17,1,91
FN:97,System.Text.RegularExpressions.Regex api.mapserv.utah.gov.Cache.RegexCache::BuildOridnalRegex()
FNDA:91,System.Text.RegularExpressions.Regex api.mapserv.utah.gov.Cache.RegexCache::BuildOridnalRegex()
DA:98,91
DA:99,91
DA:100,1729
DA:101,91
DA:102,91
DA:103,91
DA:104,91
DA:105,91
DA:106,91
DA:107,91
DA:108,91
DA:109,91
DA:110,91
DA:111,91
DA:112,91
DA:113,91
DA:114,91
DA:115,91
DA:116,91
DA:117,91
DA:118,91
DA:119,91
DA:120,91
DA:122,91
BRDA:98,39,0,1
BRDA:98,39,1,91
FN:125,System.String api.mapserv.utah.gov.Cache.RegexCache::ToOrdinal(System.Int32)
FNDA:1638,System.String api.mapserv.utah.gov.Cache.RegexCache::ToOrdinal(System.Int32)
DA:126,1638
DA:127,0
DA:130,1638
DA:131,1638
DA:132,273
DA:135,1365
DA:137,91
DA:139,91
DA:141,91
DA:143,1092
BRDA:126,2,0,0
BRDA:126,2,1,1638
BRDA:131,20,0,728
BRDA:131,25,0,273
BRDA:131,20,1,1365
BRDA:131,25,1,1365
BRDA:135,52,1,91
BRDA:135,52,2,91
BRDA:135,52,3,91
BRDA:135,52,0,1092
FN:9,System.Void api.mapserv.utah.gov.Cache.RegexCache::.ctor(api.mapserv.utah.gov.Cache.IAbbreviations)
FNDA:91,System.Void api.mapserv.utah.gov.Cache.RegexCache::.ctor(api.mapserv.utah.gov.Cache.IAbbreviations)
DA:10,91
DA:11,91
DA:12,91
DA:13,91
DA:14,91
DA:15,91
DA:16,91
DA:17,91
DA:18,91
DA:19,91
DA:20,91
DA:21,91
DA:22,91
DA:23,91
DA:24,91
DA:25,91
DA:26,91
DA:27,91
DA:28,91
DA:29,91
DA:30,91
DA:31,91
DA:32,91
DA:33,91
DA:34,91
DA:35,91
DA:36,91
DA:37,91
DA:38,91
DA:39,91
DA:40,91
DA:41,91
DA:42,91
DA:43,91
DA:44,91
DA:45,91
DA:46,91
DA:47,91
DA:48,91
DA:49,91
DA:50,91
DA:51,91
DA:52,91
DA:53,91
DA:54,91
DA:55,91
DA:56,91
DA:57,91
DA:58,91
DA:59,91
DA:60,91
DA:61,91
LF:103
LH:102
BRF:18
BRH:17
FNF:6
FNH:6
end_of_record